<?xml version="1.0" encoding="utf-8"?>
<test-run id="0" testcasecount="230" result="Passed" total="230" passed="230" failed="0" inconclusive="0" skipped="0" asserts="599" portable-engine-version="3.3.0.0" start-time="2016-10-28 15:30:16Z" end-time="2016-10-28 15:30:18Z" duration="2.168021">
  <test-suite type="Assembly" id="1272" name="Elementary.Hierarchy.Test, Version=1.0.0.0, Culture=neutral, PublicKeyToken=null" fullname="Elementary.Hierarchy.Test, Version=1.0.0.0, Culture=neutral, PublicKeyToken=null" runstate="Runnable" testcasecount="230" result="Passed" start-time="2016-10-28 15:30:16Z" end-time="2016-10-28 15:30:18Z" duration="2.002172" total="230" passed="230" failed="0" inconclusive="0" skipped="0" asserts="599">
    <settings>
      <setting name="WorkDirectory" value="C:\src\elementary.hierarchy\test\Elementary.Hierarchy.Test" />
    </settings>
    <test-suite type="TestSuite" id="1273" name="Elementary" fullname="Elementary" runstate="Runnable" testcasecount="230" result="Passed" start-time="2016-10-28 15:30:16Z" end-time="2016-10-28 15:30:18Z" duration="1.994849" total="230" passed="230" failed="0" inconclusive="0" skipped="0" asserts="599">
      <test-suite type="TestSuite" id="1274" name="Hierarchy" fullname="Elementary.Hierarchy" runstate="Runnable" testcasecount="230" result="Passed" start-time="2016-10-28 15:30:16Z" end-time="2016-10-28 15:30:18Z" duration="1.994616" total="230" passed="230" failed="0" inconclusive="0" skipped="0" asserts="599">
        <test-suite type="TestSuite" id="1275" name="Test" fullname="Elementary.Hierarchy.Test" runstate="Runnable" testcasecount="230" result="Passed" start-time="2016-10-28 15:30:16Z" end-time="2016-10-28 15:30:18Z" duration="1.994426" total="230" passed="230" failed="0" inconclusive="0" skipped="0" asserts="599">
          <test-suite type="TestFixture" id="1000" name="HasChildNodesVisitDescendantsExTest" fullname="Elementary.Hierarchy.Test.HasChildNodesVisitDescendantsExTest" classname="Elementary.Hierarchy.Test.HasChildNodesVisitDescendantsExTest" runstate="Runnable" testcasecount="1" result="Passed" start-time="2016-10-28 15:30:16Z" end-time="2016-10-28 15:30:16Z" duration="0.247908" total="1" passed="1" failed="0" inconclusive="0" skipped="0" asserts="7">
            <test-case id="1001" name="I_visit_complete_tree_breadthFirst_on_VisitDescendants" fullname="Elementary.Hierarchy.Test.HasChildNodesVisitDescendantsExTest.I_visit_complete_tree_breadthFirst_on_VisitDescendants" methodname="I_visit_complete_tree_breadthFirst_on_VisitDescendants" classname="Elementary.Hierarchy.Test.HasChildNodesVisitDescendantsExTest" runstate="Runnable" seed="1805789106" result="Passed" start-time="2016-10-28 15:30:16Z" end-time="2016-10-28 15:30:16Z" duration="0.214193" asserts="7" />
          </test-suite>
          <test-suite type="TestFixture" id="1002" name="HierarchyPathTest" fullname="Elementary.Hierarchy.Test.HierarchyPathTest" classname="Elementary.Hierarchy.Test.HierarchyPathTest" runstate="Runnable" testcasecount="33" result="Passed" start-time="2016-10-28 15:30:16Z" end-time="2016-10-28 15:30:16Z" duration="0.185633" total="33" passed="33" failed="0" inconclusive="0" skipped="0" asserts="73">
            <test-case id="1030" name="Calculate_relative_path_from_ancestor_to_descendant" fullname="Elementary.Hierarchy.Test.HierarchyPathTest.Calculate_relative_path_from_ancestor_to_descendant" methodname="Calculate_relative_path_from_ancestor_to_descendant" classname="Elementary.Hierarchy.Test.HierarchyPathTest" runstate="Runnable" seed="290407369" result="Passed" start-time="2016-10-28 15:30:16Z" end-time="2016-10-28 15:30:16Z" duration="0.004408" asserts="2" />
            <test-case id="1032" name="Calculate_relative_path_to_different_branch_throws" fullname="Elementary.Hierarchy.Test.HierarchyPathTest.Calculate_relative_path_to_different_branch_throws" methodname="Calculate_relative_path_to_different_branch_throws" classname="Elementary.Hierarchy.Test.HierarchyPathTest" runstate="Runnable" seed="384402008" result="Passed" start-time="2016-10-28 15:30:16Z" end-time="2016-10-28 15:30:16Z" duration="0.008759" asserts="2" />
            <test-case id="1003" name="Create_empty_hierarchy_path" fullname="Elementary.Hierarchy.Test.HierarchyPathTest.Create_empty_hierarchy_path" methodname="Create_empty_hierarchy_path" classname="Elementary.Hierarchy.Test.HierarchyPathTest" runstate="Runnable" seed="869912390" result="Passed" start-time="2016-10-28 15:30:16Z" end-time="2016-10-28 15:30:16Z" duration="0.005233" asserts="4" />
            <test-case id="1006" name="Create_immutable_path_from_item_array" fullname="Elementary.Hierarchy.Test.HierarchyPathTest.Create_immutable_path_from_item_array" methodname="Create_immutable_path_from_item_array" classname="Elementary.Hierarchy.Test.HierarchyPathTest" runstate="Runnable" seed="1157975070" result="Passed" start-time="2016-10-28 15:30:16Z" end-time="2016-10-28 15:30:16Z" duration="0.000562" asserts="1" />
            <test-case id="1007" name="Create_immutable_path_from_item_enumerable" fullname="Elementary.Hierarchy.Test.HierarchyPathTest.Create_immutable_path_from_item_enumerable" methodname="Create_immutable_path_from_item_enumerable" classname="Elementary.Hierarchy.Test.HierarchyPathTest" runstate="Runnable" seed="1949586924" result="Passed" start-time="2016-10-28 15:30:16Z" end-time="2016-10-28 15:30:16Z" duration="0.000358" asserts="1" />
            <test-case id="1005" name="Create_path_from_item_array" fullname="Elementary.Hierarchy.Test.HierarchyPathTest.Create_path_from_item_array" methodname="Create_path_from_item_array" classname="Elementary.Hierarchy.Test.HierarchyPathTest" runstate="Runnable" seed="1870874182" result="Passed" start-time="2016-10-28 15:30:16Z" end-time="2016-10-28 15:30:16Z" duration="0.000309" asserts="3" />
            <test-case id="1004" name="Create_path_with_single_item" fullname="Elementary.Hierarchy.Test.HierarchyPathTest.Create_path_with_single_item" methodname="Create_path_with_single_item" classname="Elementary.Hierarchy.Test.HierarchyPathTest" runstate="Runnable" seed="463709840" result="Passed" start-time="2016-10-28 15:30:16Z" end-time="2016-10-28 15:30:16Z" duration="0.000388" asserts="3" />
            <test-case id="1027" name="Join_empty_path_with_leaf_item" fullname="Elementary.Hierarchy.Test.HierarchyPathTest.Join_empty_path_with_leaf_item" methodname="Join_empty_path_with_leaf_item" classname="Elementary.Hierarchy.Test.HierarchyPathTest" runstate="Runnable" seed="173068076" result="Passed" start-time="2016-10-28 15:30:16Z" end-time="2016-10-28 15:30:16Z" duration="0.008053" asserts="3" />
            <test-case id="1028" name="Join_path_with_leaf" fullname="Elementary.Hierarchy.Test.HierarchyPathTest.Join_path_with_leaf" methodname="Join_path_with_leaf" classname="Elementary.Hierarchy.Test.HierarchyPathTest" runstate="Runnable" seed="1751617000" result="Passed" start-time="2016-10-28 15:30:16Z" end-time="2016-10-28 15:30:16Z" duration="0.001574" asserts="4" />
            <test-case id="1029" name="Join_path_with_leaf_path" fullname="Elementary.Hierarchy.Test.HierarchyPathTest.Join_path_with_leaf_path" methodname="Join_path_with_leaf_path" classname="Elementary.Hierarchy.Test.HierarchyPathTest" runstate="Runnable" seed="58926190" result="Passed" start-time="2016-10-28 15:30:16Z" end-time="2016-10-28 15:30:16Z" duration="0.001131" asserts="5" />
            <test-case id="1034" name="Parent_path_is_ancestor_of_descendant_path" fullname="Elementary.Hierarchy.Test.HierarchyPathTest.Parent_path_is_ancestor_of_descendant_path" methodname="Parent_path_is_ancestor_of_descendant_path" classname="Elementary.Hierarchy.Test.HierarchyPathTest" runstate="Runnable" seed="1311862523" result="Passed" start-time="2016-10-28 15:30:16Z" end-time="2016-10-28 15:30:16Z" duration="0.000769" asserts="2" />
            <test-case id="1014" name="Parse_int_path_items_from_string_representation" fullname="Elementary.Hierarchy.Test.HierarchyPathTest.Parse_int_path_items_from_string_representation" methodname="Parse_int_path_items_from_string_representation" classname="Elementary.Hierarchy.Test.HierarchyPathTest" runstate="Runnable" seed="40154945" result="Passed" start-time="2016-10-28 15:30:16Z" end-time="2016-10-28 15:30:16Z" duration="0.005013" asserts="2" />
            <test-case id="1013" name="Parse_string_path_items_from_string_representation" fullname="Elementary.Hierarchy.Test.HierarchyPathTest.Parse_string_path_items_from_string_representation" methodname="Parse_string_path_items_from_string_representation" classname="Elementary.Hierarchy.Test.HierarchyPathTest" runstate="Runnable" seed="1945391930" result="Passed" start-time="2016-10-28 15:30:16Z" end-time="2016-10-28 15:30:16Z" duration="0.000750" asserts="2" />
            <test-case id="1025" name="Path_creates_empty_string_represention_for_empty_path" fullname="Elementary.Hierarchy.Test.HierarchyPathTest.Path_creates_empty_string_represention_for_empty_path" methodname="Path_creates_empty_string_represention_for_empty_path" classname="Elementary.Hierarchy.Test.HierarchyPathTest" runstate="Runnable" seed="954445567" result="Passed" start-time="2016-10-28 15:30:16Z" end-time="2016-10-28 15:30:16Z" duration="0.000385" asserts="1" />
            <test-case id="1024" name="Path_creates_string_representation_with_default_separator" fullname="Elementary.Hierarchy.Test.HierarchyPathTest.Path_creates_string_representation_with_default_separator" methodname="Path_creates_string_representation_with_default_separator" classname="Elementary.Hierarchy.Test.HierarchyPathTest" runstate="Runnable" seed="33095885" result="Passed" start-time="2016-10-28 15:30:16Z" end-time="2016-10-28 15:30:16Z" duration="0.000235" asserts="1" />
            <test-case id="1026" name="Path_hashcode_is_different_for_permutations" fullname="Elementary.Hierarchy.Test.HierarchyPathTest.Path_hashcode_is_different_for_permutations" methodname="Path_hashcode_is_different_for_permutations" classname="Elementary.Hierarchy.Test.HierarchyPathTest" runstate="Runnable" seed="428086354" result="Passed" start-time="2016-10-28 15:30:16Z" end-time="2016-10-28 15:30:16Z" duration="0.001007" asserts="1" />
            <test-case id="1023" name="Path_is_equal_compered_with_itself" fullname="Elementary.Hierarchy.Test.HierarchyPathTest.Path_is_equal_compered_with_itself" methodname="Path_is_equal_compered_with_itself" classname="Elementary.Hierarchy.Test.HierarchyPathTest" runstate="Runnable" seed="2095692514" result="Passed" start-time="2016-10-28 15:30:16Z" end-time="2016-10-28 15:30:16Z" duration="0.000945" asserts="1" />
            <test-case id="1021" name="Pathes_are_different_if_item_casing_is_different" fullname="Elementary.Hierarchy.Test.HierarchyPathTest.Pathes_are_different_if_item_casing_is_different" methodname="Pathes_are_different_if_item_casing_is_different" classname="Elementary.Hierarchy.Test.HierarchyPathTest" runstate="Runnable" seed="564213926" result="Passed" start-time="2016-10-28 15:30:16Z" end-time="2016-10-28 15:30:16Z" duration="0.000453" asserts="3" />
            <test-case id="1020" name="Pathes_are_different_if_item_type_is_different" fullname="Elementary.Hierarchy.Test.HierarchyPathTest.Pathes_are_different_if_item_type_is_different" methodname="Pathes_are_different_if_item_type_is_different" classname="Elementary.Hierarchy.Test.HierarchyPathTest" runstate="Runnable" seed="1422973909" result="Passed" start-time="2016-10-28 15:30:16Z" end-time="2016-10-28 15:30:16Z" duration="0.005177" asserts="3" />
            <test-case id="1018" name="Pathes_are_equal_if_all_items_are_equal" fullname="Elementary.Hierarchy.Test.HierarchyPathTest.Pathes_are_equal_if_all_items_are_equal" methodname="Pathes_are_equal_if_all_items_are_equal" classname="Elementary.Hierarchy.Test.HierarchyPathTest" runstate="Runnable" seed="1186420134" result="Passed" start-time="2016-10-28 15:30:16Z" end-time="2016-10-28 15:30:16Z" duration="0.000406" asserts="3" />
            <test-case id="1022" name="Pathes_are_equal_if_equality_comparer_says_so" fullname="Elementary.Hierarchy.Test.HierarchyPathTest.Pathes_are_equal_if_equality_comparer_says_so" methodname="Pathes_are_equal_if_equality_comparer_says_so" classname="Elementary.Hierarchy.Test.HierarchyPathTest" runstate="Runnable" seed="2120491621" result="Passed" start-time="2016-10-28 15:30:16Z" end-time="2016-10-28 15:30:16Z" duration="0.000453" asserts="3" />
            <test-case id="1019" name="Pathes_arent_equal_if_item_number_is_different" fullname="Elementary.Hierarchy.Test.HierarchyPathTest.Pathes_arent_equal_if_item_number_is_different" methodname="Pathes_arent_equal_if_item_number_is_different" classname="Elementary.Hierarchy.Test.HierarchyPathTest" runstate="Runnable" seed="1768010893" result="Passed" start-time="2016-10-28 15:30:16Z" end-time="2016-10-28 15:30:16Z" duration="0.000470" asserts="3" />
            <test-case id="1031" name="Relative_path_to_itself_is_empty" fullname="Elementary.Hierarchy.Test.HierarchyPathTest.Relative_path_to_itself_is_empty" methodname="Relative_path_to_itself_is_empty" classname="Elementary.Hierarchy.Test.HierarchyPathTest" runstate="Runnable" seed="724687409" result="Passed" start-time="2016-10-28 15:30:16Z" end-time="2016-10-28 15:30:16Z" duration="0.000469" asserts="1" />
            <test-case id="1033" name="Relative_path_to_root_is_itself_path" fullname="Elementary.Hierarchy.Test.HierarchyPathTest.Relative_path_to_root_is_itself_path" methodname="Relative_path_to_root_is_itself_path" classname="Elementary.Hierarchy.Test.HierarchyPathTest" runstate="Runnable" seed="397141595" result="Passed" start-time="2016-10-28 15:30:16Z" end-time="2016-10-28 15:30:16Z" duration="0.001003" asserts="3" />
            <test-case id="1035" name="Sibling_isnt_descendant" fullname="Elementary.Hierarchy.Test.HierarchyPathTest.Sibling_isnt_descendant" methodname="Sibling_isnt_descendant" classname="Elementary.Hierarchy.Test.HierarchyPathTest" runstate="Runnable" seed="1000412585" result="Passed" start-time="2016-10-28 15:30:16Z" end-time="2016-10-28 15:30:16Z" duration="0.000318" asserts="2" />
            <test-case id="1011" name="Split_descendants_under_root_item" fullname="Elementary.Hierarchy.Test.HierarchyPathTest.Split_descendants_under_root_item" methodname="Split_descendants_under_root_item" classname="Elementary.Hierarchy.Test.HierarchyPathTest" runstate="Runnable" seed="1159269876" result="Passed" start-time="2016-10-28 15:30:16Z" end-time="2016-10-28 15:30:16Z" duration="0.000902" asserts="1" />
            <test-case id="1012" name="Split_empty_descendants_from_empty_path" fullname="Elementary.Hierarchy.Test.HierarchyPathTest.Split_empty_descendants_from_empty_path" methodname="Split_empty_descendants_from_empty_path" classname="Elementary.Hierarchy.Test.HierarchyPathTest" runstate="Runnable" seed="353932364" result="Passed" start-time="2016-10-28 15:30:16Z" end-time="2016-10-28 15:30:16Z" duration="0.000704" asserts="2" />
            <test-case id="1009" name="Split_empty_parent_path_from_empty_path" fullname="Elementary.Hierarchy.Test.HierarchyPathTest.Split_empty_parent_path_from_empty_path" methodname="Split_empty_parent_path_from_empty_path" classname="Elementary.Hierarchy.Test.HierarchyPathTest" runstate="Runnable" seed="667510525" result="Passed" start-time="2016-10-28 15:30:16Z" end-time="2016-10-28 15:30:16Z" duration="0.002223" asserts="1" />
            <test-case id="1010" name="Split_leaf_from_path" fullname="Elementary.Hierarchy.Test.HierarchyPathTest.Split_leaf_from_path" methodname="Split_leaf_from_path" classname="Elementary.Hierarchy.Test.HierarchyPathTest" runstate="Runnable" seed="1530083792" result="Passed" start-time="2016-10-28 15:30:16Z" end-time="2016-10-28 15:30:16Z" duration="0.000369" asserts="1" />
            <test-case id="1008" name="Split_parent_from_path_as_prefix" fullname="Elementary.Hierarchy.Test.HierarchyPathTest.Split_parent_from_path_as_prefix" methodname="Split_parent_from_path_as_prefix" classname="Elementary.Hierarchy.Test.HierarchyPathTest" runstate="Runnable" seed="1860863046" result="Passed" start-time="2016-10-28 15:30:16Z" end-time="2016-10-28 15:30:16Z" duration="0.000570" asserts="1" />
            <test-case id="1016" name="TryParse_int_path_items_from_string_representation" fullname="Elementary.Hierarchy.Test.HierarchyPathTest.TryParse_int_path_items_from_string_representation" methodname="TryParse_int_path_items_from_string_representation" classname="Elementary.Hierarchy.Test.HierarchyPathTest" runstate="Runnable" seed="2119968978" result="Passed" start-time="2016-10-28 15:30:16Z" end-time="2016-10-28 15:30:16Z" duration="0.000889" asserts="3" />
            <test-case id="1017" name="TryParse_returns_false_for_null_string_representation" fullname="Elementary.Hierarchy.Test.HierarchyPathTest.TryParse_returns_false_for_null_string_representation" methodname="TryParse_returns_false_for_null_string_representation" classname="Elementary.Hierarchy.Test.HierarchyPathTest" runstate="Runnable" seed="735448826" result="Passed" start-time="2016-10-28 15:30:16Z" end-time="2016-10-28 15:30:16Z" duration="0.000747" asserts="2" />
            <test-case id="1015" name="TryParse_string_path_items_from_string_representation" fullname="Elementary.Hierarchy.Test.HierarchyPathTest.TryParse_string_path_items_from_string_representation" methodname="TryParse_string_path_items_from_string_representation" classname="Elementary.Hierarchy.Test.HierarchyPathTest" runstate="Runnable" seed="1743288942" result="Passed" start-time="2016-10-28 15:30:16Z" end-time="2016-10-28 15:30:16Z" duration="0.001393" asserts="3" />
          </test-suite>
          <test-suite type="TestSuite" id="1278" name="TraverseUsingInterfaces" fullname="Elementary.Hierarchy.Test.TraverseUsingInterfaces" runstate="Runnable" testcasecount="46" result="Passed" start-time="2016-10-28 15:30:16Z" end-time="2016-10-28 15:30:17Z" duration="0.534251" total="46" passed="46" failed="0" inconclusive="0" skipped="0" asserts="148">
            <test-suite type="TestFixture" id="1217" name="HasChildNodesDescendantsOrSelfTest" fullname="Elementary.Hierarchy.Test.TraverseUsingInterfaces.HasChildNodesDescendantsOrSelfTest" classname="Elementary.Hierarchy.Test.TraverseUsingInterfaces.HasChildNodesDescendantsOrSelfTest" runstate="Runnable" testcasecount="7" result="Passed" start-time="2016-10-28 15:30:16Z" end-time="2016-10-28 15:30:16Z" duration="0.103881" total="7" passed="7" failed="0" inconclusive="0" skipped="0" asserts="14">
              <test-case id="1224" name="DescendantsOrSelfLevel2AreChildren" fullname="Elementary.Hierarchy.Test.TraverseUsingInterfaces.HasChildNodesDescendantsOrSelfTest.DescendantsOrSelfLevel2AreChildren" methodname="DescendantsOrSelfLevel2AreChildren" classname="Elementary.Hierarchy.Test.TraverseUsingInterfaces.HasChildNodesDescendantsOrSelfTest" runstate="Runnable" seed="397312147" result="Passed" start-time="2016-10-28 15:30:16Z" end-time="2016-10-28 15:30:16Z" duration="0.017619" asserts="1" />
              <test-case id="1220" name="EnumerateSingleChildToLeaf" fullname="Elementary.Hierarchy.Test.TraverseUsingInterfaces.HasChildNodesDescendantsOrSelfTest.EnumerateSingleChildToLeaf" methodname="EnumerateSingleChildToLeaf" classname="Elementary.Hierarchy.Test.TraverseUsingInterfaces.HasChildNodesDescendantsOrSelfTest" runstate="Runnable" seed="970618038" result="Passed" start-time="2016-10-28 15:30:16Z" end-time="2016-10-28 15:30:16Z" duration="0.004104" asserts="3" />
              <test-case id="1222" name="EnumerateTreeBreadthFirst" fullname="Elementary.Hierarchy.Test.TraverseUsingInterfaces.HasChildNodesDescendantsOrSelfTest.EnumerateTreeBreadthFirst" methodname="EnumerateTreeBreadthFirst" classname="Elementary.Hierarchy.Test.TraverseUsingInterfaces.HasChildNodesDescendantsOrSelfTest" runstate="Runnable" seed="202036688" result="Passed" start-time="2016-10-28 15:30:16Z" end-time="2016-10-28 15:30:16Z" duration="0.004112" asserts="2" />
              <test-case id="1223" name="EnumerateTreeDepthFirst" fullname="Elementary.Hierarchy.Test.TraverseUsingInterfaces.HasChildNodesDescendantsOrSelfTest.EnumerateTreeDepthFirst" methodname="EnumerateTreeDepthFirst" classname="Elementary.Hierarchy.Test.TraverseUsingInterfaces.HasChildNodesDescendantsOrSelfTest" runstate="Runnable" seed="1021338266" result="Passed" start-time="2016-10-28 15:30:16Z" end-time="2016-10-28 15:30:16Z" duration="0.007119" asserts="2" />
              <test-case id="1221" name="EnumerateTwoChildrenToLeaf" fullname="Elementary.Hierarchy.Test.TraverseUsingInterfaces.HasChildNodesDescendantsOrSelfTest.EnumerateTwoChildrenToLeaf" methodname="EnumerateTwoChildrenToLeaf" classname="Elementary.Hierarchy.Test.TraverseUsingInterfaces.HasChildNodesDescendantsOrSelfTest" runstate="Runnable" seed="548278192" result="Passed" start-time="2016-10-28 15:30:16Z" end-time="2016-10-28 15:30:16Z" duration="0.003491" asserts="2" />
              <test-case id="1219" name="LeafRetunsOnlItselfButClaimsToHaveSubnodes" fullname="Elementary.Hierarchy.Test.TraverseUsingInterfaces.HasChildNodesDescendantsOrSelfTest.LeafRetunsOnlItselfButClaimsToHaveSubnodes" methodname="LeafRetunsOnlItselfButClaimsToHaveSubnodes" classname="Elementary.Hierarchy.Test.TraverseUsingInterfaces.HasChildNodesDescendantsOrSelfTest" runstate="Runnable" seed="1712164588" result="Passed" start-time="2016-10-28 15:30:16Z" end-time="2016-10-28 15:30:16Z" duration="0.013634" asserts="2" />
              <test-case id="1218" name="LeafReturnsOnlyItself" fullname="Elementary.Hierarchy.Test.TraverseUsingInterfaces.HasChildNodesDescendantsOrSelfTest.LeafReturnsOnlyItself" methodname="LeafReturnsOnlyItself" classname="Elementary.Hierarchy.Test.TraverseUsingInterfaces.HasChildNodesDescendantsOrSelfTest" runstate="Runnable" seed="1656500409" result="Passed" start-time="2016-10-28 15:30:16Z" end-time="2016-10-28 15:30:16Z" duration="0.005255" asserts="2" />
            </test-suite>
            <test-suite type="TestFixture" id="1225" name="HasChildNodesDescendantsTest" fullname="Elementary.Hierarchy.Test.TraverseUsingInterfaces.HasChildNodesDescendantsTest" classname="Elementary.Hierarchy.Test.TraverseUsingInterfaces.HasChildNodesDescendantsTest" runstate="Runnable" testcasecount="10" result="Passed" start-time="2016-10-28 15:30:16Z" end-time="2016-10-28 15:30:17Z" duration="0.162722" total="10" passed="10" failed="0" inconclusive="0" skipped="0" asserts="32">
              <test-case id="1235" name="DescendantsLevel1AreChildren" fullname="Elementary.Hierarchy.Test.TraverseUsingInterfaces.HasChildNodesDescendantsTest.DescendantsLevel1AreChildren" methodname="DescendantsLevel1AreChildren" classname="Elementary.Hierarchy.Test.TraverseUsingInterfaces.HasChildNodesDescendantsTest" runstate="Runnable" seed="971750545" result="Passed" start-time="2016-10-28 15:30:16Z" end-time="2016-10-28 15:30:16Z" duration="0.011827" asserts="1" />
              <test-case id="1232" name="EnumerateDecendantTreeToSpecifiedDepth" fullname="Elementary.Hierarchy.Test.TraverseUsingInterfaces.HasChildNodesDescendantsTest.EnumerateDecendantTreeToSpecifiedDepth" methodname="EnumerateDecendantTreeToSpecifiedDepth" classname="Elementary.Hierarchy.Test.TraverseUsingInterfaces.HasChildNodesDescendantsTest" runstate="Runnable" seed="491458419" result="Passed" start-time="2016-10-28 15:30:16Z" end-time="2016-10-28 15:30:17Z" duration="0.005380" asserts="7" />
              <test-case id="1233" name="EnumerateDescendantOrSelfTreeToSpecifiedDepth" fullname="Elementary.Hierarchy.Test.TraverseUsingInterfaces.HasChildNodesDescendantsTest.EnumerateDescendantOrSelfTreeToSpecifiedDepth" methodname="EnumerateDescendantOrSelfTreeToSpecifiedDepth" classname="Elementary.Hierarchy.Test.TraverseUsingInterfaces.HasChildNodesDescendantsTest" runstate="Runnable" seed="930028174" result="Passed" start-time="2016-10-28 15:30:17Z" end-time="2016-10-28 15:30:17Z" duration="0.004496" asserts="8" />
              <test-case id="1228" name="EnumerateSingleChildToLeaf" fullname="Elementary.Hierarchy.Test.TraverseUsingInterfaces.HasChildNodesDescendantsTest.EnumerateSingleChildToLeaf" methodname="EnumerateSingleChildToLeaf" classname="Elementary.Hierarchy.Test.TraverseUsingInterfaces.HasChildNodesDescendantsTest" runstate="Runnable" seed="1926990972" result="Passed" start-time="2016-10-28 15:30:17Z" end-time="2016-10-28 15:30:17Z" duration="0.004367" asserts="2" />
              <test-case id="1230" name="EnumerateTreeBreadthFirst" fullname="Elementary.Hierarchy.Test.TraverseUsingInterfaces.HasChildNodesDescendantsTest.EnumerateTreeBreadthFirst" methodname="EnumerateTreeBreadthFirst" classname="Elementary.Hierarchy.Test.TraverseUsingInterfaces.HasChildNodesDescendantsTest" runstate="Runnable" seed="867716040" result="Passed" start-time="2016-10-28 15:30:17Z" end-time="2016-10-28 15:30:17Z" duration="0.003419" asserts="2" />
              <test-case id="1231" name="EnumerateTreeDepthFirst" fullname="Elementary.Hierarchy.Test.TraverseUsingInterfaces.HasChildNodesDescendantsTest.EnumerateTreeDepthFirst" methodname="EnumerateTreeDepthFirst" classname="Elementary.Hierarchy.Test.TraverseUsingInterfaces.HasChildNodesDescendantsTest" runstate="Runnable" seed="1299396911" result="Passed" start-time="2016-10-28 15:30:17Z" end-time="2016-10-28 15:30:17Z" duration="0.004432" asserts="2" />
              <test-case id="1234" name="EnumerateTreeDepthFirstToSpecificDepth" fullname="Elementary.Hierarchy.Test.TraverseUsingInterfaces.HasChildNodesDescendantsTest.EnumerateTreeDepthFirstToSpecificDepth" methodname="EnumerateTreeDepthFirstToSpecificDepth" classname="Elementary.Hierarchy.Test.TraverseUsingInterfaces.HasChildNodesDescendantsTest" runstate="Runnable" seed="321041577" result="Passed" start-time="2016-10-28 15:30:17Z" end-time="2016-10-28 15:30:17Z" duration="0.005544" asserts="5" />
              <test-case id="1229" name="EnumerateTwoChildrenToLeaf" fullname="Elementary.Hierarchy.Test.TraverseUsingInterfaces.HasChildNodesDescendantsTest.EnumerateTwoChildrenToLeaf" methodname="EnumerateTwoChildrenToLeaf" classname="Elementary.Hierarchy.Test.TraverseUsingInterfaces.HasChildNodesDescendantsTest" runstate="Runnable" seed="680178644" result="Passed" start-time="2016-10-28 15:30:17Z" end-time="2016-10-28 15:30:17Z" duration="0.003398" asserts="2" />
              <test-case id="1226" name="LeafReturnsNoChildren" fullname="Elementary.Hierarchy.Test.TraverseUsingInterfaces.HasChildNodesDescendantsTest.LeafReturnsNoChildren" methodname="LeafReturnsNoChildren" classname="Elementary.Hierarchy.Test.TraverseUsingInterfaces.HasChildNodesDescendantsTest" runstate="Runnable" seed="1146566193" result="Passed" start-time="2016-10-28 15:30:17Z" end-time="2016-10-28 15:30:17Z" duration="0.004699" asserts="2" />
              <test-case id="1227" name="LeafReturnsNoChildrenButClaimsToHaveSubnodes" fullname="Elementary.Hierarchy.Test.TraverseUsingInterfaces.HasChildNodesDescendantsTest.LeafReturnsNoChildrenButClaimsToHaveSubnodes" methodname="LeafReturnsNoChildrenButClaimsToHaveSubnodes" classname="Elementary.Hierarchy.Test.TraverseUsingInterfaces.HasChildNodesDescendantsTest" runstate="Runnable" seed="464079064" result="Passed" start-time="2016-10-28 15:30:17Z" end-time="2016-10-28 15:30:17Z" duration="0.006609" asserts="1" />
            </test-suite>
            <test-suite type="TestFixture" id="1236" name="HasChildNodesVisitVisitDescendantsTest" fullname="Elementary.Hierarchy.Test.TraverseUsingInterfaces.HasChildNodesVisitVisitDescendantsTest" classname="Elementary.Hierarchy.Test.TraverseUsingInterfaces.HasChildNodesVisitVisitDescendantsTest" runstate="Runnable" testcasecount="4" result="Passed" start-time="2016-10-28 15:30:17Z" end-time="2016-10-28 15:30:17Z" duration="0.037202" total="4" passed="4" failed="0" inconclusive="0" skipped="0" asserts="30">
              <test-case id="1237" name="VisitDescandantsBreadthFirst" fullname="Elementary.Hierarchy.Test.TraverseUsingInterfaces.HasChildNodesVisitVisitDescendantsTest.VisitDescandantsBreadthFirst" methodname="VisitDescandantsBreadthFirst" classname="Elementary.Hierarchy.Test.TraverseUsingInterfaces.HasChildNodesVisitVisitDescendantsTest" runstate="Runnable" seed="602982780" result="Passed" start-time="2016-10-28 15:30:17Z" end-time="2016-10-28 15:30:17Z" duration="0.013726" asserts="7" />
              <test-case id="1238" name="VisitDescandantsDepthFirst" fullname="Elementary.Hierarchy.Test.TraverseUsingInterfaces.HasChildNodesVisitVisitDescendantsTest.VisitDescandantsDepthFirst" methodname="VisitDescandantsDepthFirst" classname="Elementary.Hierarchy.Test.TraverseUsingInterfaces.HasChildNodesVisitVisitDescendantsTest" runstate="Runnable" seed="2051211634" result="Passed" start-time="2016-10-28 15:30:17Z" end-time="2016-10-28 15:30:17Z" duration="0.004647" asserts="7" />
              <test-case id="1240" name="VisitDescandantsOrSelfDepthFirst" fullname="Elementary.Hierarchy.Test.TraverseUsingInterfaces.HasChildNodesVisitVisitDescendantsTest.VisitDescandantsOrSelfDepthFirst" methodname="VisitDescandantsOrSelfDepthFirst" classname="Elementary.Hierarchy.Test.TraverseUsingInterfaces.HasChildNodesVisitVisitDescendantsTest" runstate="Runnable" seed="1703178613" result="Passed" start-time="2016-10-28 15:30:17Z" end-time="2016-10-28 15:30:17Z" duration="0.007939" asserts="8" />
              <test-case id="1239" name="VisitDescendantsOrSelfBreadthFirst" fullname="Elementary.Hierarchy.Test.TraverseUsingInterfaces.HasChildNodesVisitVisitDescendantsTest.VisitDescendantsOrSelfBreadthFirst" methodname="VisitDescendantsOrSelfBreadthFirst" classname="Elementary.Hierarchy.Test.TraverseUsingInterfaces.HasChildNodesVisitVisitDescendantsTest" runstate="Runnable" seed="1153335302" result="Passed" start-time="2016-10-28 15:30:17Z" end-time="2016-10-28 15:30:17Z" duration="0.004878" asserts="8" />
            </test-suite>
            <test-suite type="TestFixture" id="1241" name="HasIdentifiableChildNodesDescendantAtTest" fullname="Elementary.Hierarchy.Test.TraverseUsingInterfaces.HasIdentifiableChildNodesDescendantAtTest" classname="Elementary.Hierarchy.Test.TraverseUsingInterfaces.HasIdentifiableChildNodesDescendantAtTest" runstate="Runnable" testcasecount="11" result="Passed" start-time="2016-10-28 15:30:17Z" end-time="2016-10-28 15:30:17Z" duration="0.092764" total="11" passed="11" failed="0" inconclusive="0" skipped="0" asserts="25">
              <test-case id="1252" name="DescendantAtOrDefaultFailsIfGrandchildNodeDoesnExistReturnsParentPath_IF" fullname="Elementary.Hierarchy.Test.TraverseUsingInterfaces.HasIdentifiableChildNodesDescendantAtTest.DescendantAtOrDefaultFailsIfGrandchildNodeDoesnExistReturnsParentPath_IF" methodname="DescendantAtOrDefaultFailsIfGrandchildNodeDoesnExistReturnsParentPath_IF" classname="Elementary.Hierarchy.Test.TraverseUsingInterfaces.HasIdentifiableChildNodesDescendantAtTest" runstate="Runnable" seed="250291150" result="Passed" start-time="2016-10-28 15:30:17Z" end-time="2016-10-28 15:30:17Z" duration="0.035233" asserts="3" />
              <test-case id="1250" name="DescendantAtOrDefaultGetsExistingGrandchildNode_IF" fullname="Elementary.Hierarchy.Test.TraverseUsingInterfaces.HasIdentifiableChildNodesDescendantAtTest.DescendantAtOrDefaultGetsExistingGrandchildNode_IF" methodname="DescendantAtOrDefaultGetsExistingGrandchildNode_IF" classname="Elementary.Hierarchy.Test.TraverseUsingInterfaces.HasIdentifiableChildNodesDescendantAtTest" runstate="Runnable" seed="875310705" result="Passed" start-time="2016-10-28 15:30:17Z" end-time="2016-10-28 15:30:17Z" duration="0.005678" asserts="2" />
              <test-case id="1251" name="DescendantAtOrDefaultGetsExistingGrandchildNodeAndChildNodePath_IF" fullname="Elementary.Hierarchy.Test.TraverseUsingInterfaces.HasIdentifiableChildNodesDescendantAtTest.DescendantAtOrDefaultGetsExistingGrandchildNodeAndChildNodePath_IF" methodname="DescendantAtOrDefaultGetsExistingGrandchildNodeAndChildNodePath_IF" classname="Elementary.Hierarchy.Test.TraverseUsingInterfaces.HasIdentifiableChildNodesDescendantAtTest" runstate="Runnable" seed="1017684354" result="Passed" start-time="2016-10-28 15:30:17Z" end-time="2016-10-28 15:30:17Z" duration="0.005970" asserts="4" />
              <test-case id="1246" name="DescendantAtOrDefaultGetsExistingSubnode_IF" fullname="Elementary.Hierarchy.Test.TraverseUsingInterfaces.HasIdentifiableChildNodesDescendantAtTest.DescendantAtOrDefaultGetsExistingSubnode_IF" methodname="DescendantAtOrDefaultGetsExistingSubnode_IF" classname="Elementary.Hierarchy.Test.TraverseUsingInterfaces.HasIdentifiableChildNodesDescendantAtTest" runstate="Runnable" seed="1098702804" result="Passed" start-time="2016-10-28 15:30:17Z" end-time="2016-10-28 15:30:17Z" duration="0.003167" asserts="2" />
              <test-case id="1249" name="DescendantAtOrDefaultGetsExistingSubnodeAndParentNodePath_IF" fullname="Elementary.Hierarchy.Test.TraverseUsingInterfaces.HasIdentifiableChildNodesDescendantAtTest.DescendantAtOrDefaultGetsExistingSubnodeAndParentNodePath_IF" methodname="DescendantAtOrDefaultGetsExistingSubnodeAndParentNodePath_IF" classname="Elementary.Hierarchy.Test.TraverseUsingInterfaces.HasIdentifiableChildNodesDescendantAtTest" runstate="Runnable" seed="1130585848" result="Passed" start-time="2016-10-28 15:30:17Z" end-time="2016-10-28 15:30:17Z" duration="0.003395" asserts="4" />
              <test-case id="1247" name="DescendantAtOrDefaultReturnsNullIfSubnodeDoesntExist_IF" fullname="Elementary.Hierarchy.Test.TraverseUsingInterfaces.HasIdentifiableChildNodesDescendantAtTest.DescendantAtOrDefaultReturnsNullIfSubnodeDoesntExist_IF" methodname="DescendantAtOrDefaultReturnsNullIfSubnodeDoesntExist_IF" classname="Elementary.Hierarchy.Test.TraverseUsingInterfaces.HasIdentifiableChildNodesDescendantAtTest" runstate="Runnable" seed="1458615213" result="Passed" start-time="2016-10-28 15:30:17Z" end-time="2016-10-28 15:30:17Z" duration="0.003129" asserts="1" />
              <test-case id="1248" name="DescendantAtOrDefaultReturnsParentPathIfSubnodeDoesntExist_IF" fullname="Elementary.Hierarchy.Test.TraverseUsingInterfaces.HasIdentifiableChildNodesDescendantAtTest.DescendantAtOrDefaultReturnsParentPathIfSubnodeDoesntExist_IF" methodname="DescendantAtOrDefaultReturnsParentPathIfSubnodeDoesntExist_IF" classname="Elementary.Hierarchy.Test.TraverseUsingInterfaces.HasIdentifiableChildNodesDescendantAtTest" runstate="Runnable" seed="73465602" result="Passed" start-time="2016-10-28 15:30:17Z" end-time="2016-10-28 15:30:17Z" duration="0.003238" asserts="3" />
              <test-case id="1242" name="Root_returns_child_at_path_position_on_DescendantAt" fullname="Elementary.Hierarchy.Test.TraverseUsingInterfaces.HasIdentifiableChildNodesDescendantAtTest.Root_returns_child_at_path_position_on_DescendantAt" methodname="Root_returns_child_at_path_position_on_DescendantAt" classname="Elementary.Hierarchy.Test.TraverseUsingInterfaces.HasIdentifiableChildNodesDescendantAtTest" runstate="Runnable" seed="813276345" result="Passed" start-time="2016-10-28 15:30:17Z" end-time="2016-10-28 15:30:17Z" duration="0.004577" asserts="2" />
              <test-case id="1244" name="Root_returns_grandchild_at_path_position_on_DescendantAt" fullname="Elementary.Hierarchy.Test.TraverseUsingInterfaces.HasIdentifiableChildNodesDescendantAtTest.Root_returns_grandchild_at_path_position_on_DescendantAt" methodname="Root_returns_grandchild_at_path_position_on_DescendantAt" classname="Elementary.Hierarchy.Test.TraverseUsingInterfaces.HasIdentifiableChildNodesDescendantAtTest" runstate="Runnable" seed="1372742048" result="Passed" start-time="2016-10-28 15:30:17Z" end-time="2016-10-28 15:30:17Z" duration="0.005516" asserts="1" />
              <test-case id="1243" name="Root_returns_itself_for_empty_path_on_DescendentAt" fullname="Elementary.Hierarchy.Test.TraverseUsingInterfaces.HasIdentifiableChildNodesDescendantAtTest.Root_returns_itself_for_empty_path_on_DescendentAt" methodname="Root_returns_itself_for_empty_path_on_DescendentAt" classname="Elementary.Hierarchy.Test.TraverseUsingInterfaces.HasIdentifiableChildNodesDescendantAtTest" runstate="Runnable" seed="1362983947" result="Passed" start-time="2016-10-28 15:30:17Z" end-time="2016-10-28 15:30:17Z" duration="0.000376" asserts="1" />
              <test-case id="1245" name="Root_throws_for_missing_child_on_DescendantAt" fullname="Elementary.Hierarchy.Test.TraverseUsingInterfaces.HasIdentifiableChildNodesDescendantAtTest.Root_throws_for_missing_child_on_DescendantAt" methodname="Root_throws_for_missing_child_on_DescendantAt" classname="Elementary.Hierarchy.Test.TraverseUsingInterfaces.HasIdentifiableChildNodesDescendantAtTest" runstate="Runnable" seed="510662643" result="Passed" start-time="2016-10-28 15:30:17Z" end-time="2016-10-28 15:30:17Z" duration="0.005134" asserts="2" />
            </test-suite>
            <test-suite type="TestFixture" id="1263" name="HasParentAncestorsAndSelfTest" fullname="Elementary.Hierarchy.Test.TraverseUsingInterfaces.HasParentAncestorsAndSelfTest" classname="Elementary.Hierarchy.Test.TraverseUsingInterfaces.HasParentAncestorsAndSelfTest" runstate="Runnable" testcasecount="2" result="Passed" start-time="2016-10-28 15:30:17Z" end-time="2016-10-28 15:30:17Z" duration="0.018101" total="2" passed="2" failed="0" inconclusive="0" skipped="0" asserts="6">
              <test-case id="1265" name="Inner_node_returns_path_to_parent_and_self_for_AncestorsOrSelf" fullname="Elementary.Hierarchy.Test.TraverseUsingInterfaces.HasParentAncestorsAndSelfTest.Inner_node_returns_path_to_parent_and_self_for_AncestorsOrSelf" methodname="Inner_node_returns_path_to_parent_and_self_for_AncestorsOrSelf" classname="Elementary.Hierarchy.Test.TraverseUsingInterfaces.HasParentAncestorsAndSelfTest" runstate="Runnable" seed="207703714" result="Passed" start-time="2016-10-28 15:30:17Z" end-time="2016-10-28 15:30:17Z" duration="0.011514" asserts="4" />
              <test-case id="1264" name="Root_returns_self_for_AncestorsOrSelf" fullname="Elementary.Hierarchy.Test.TraverseUsingInterfaces.HasParentAncestorsAndSelfTest.Root_returns_self_for_AncestorsOrSelf" methodname="Root_returns_self_for_AncestorsOrSelf" classname="Elementary.Hierarchy.Test.TraverseUsingInterfaces.HasParentAncestorsAndSelfTest" runstate="Runnable" seed="1516444421" result="Passed" start-time="2016-10-28 15:30:17Z" end-time="2016-10-28 15:30:17Z" duration="0.002827" asserts="2" />
            </test-suite>
            <test-suite type="TestFixture" id="1253" name="HasParentAndChildNodesFollowingSiblingTest" fullname="Elementary.Hierarchy.Test.TraverseUsingInterfaces.HasParentAndChildNodesFollowingSiblingTest" classname="Elementary.Hierarchy.Test.TraverseUsingInterfaces.HasParentAndChildNodesFollowingSiblingTest" runstate="Runnable" testcasecount="4" result="Passed" start-time="2016-10-28 15:30:17Z" end-time="2016-10-28 15:30:17Z" duration="0.044592" total="4" passed="4" failed="0" inconclusive="0" skipped="0" asserts="17">
              <test-case id="1256" name="Return_empty_siblings_for_inner_node_for_FollowingSiblings" fullname="Elementary.Hierarchy.Test.TraverseUsingInterfaces.HasParentAndChildNodesFollowingSiblingTest.Return_empty_siblings_for_inner_node_for_FollowingSiblings" methodname="Return_empty_siblings_for_inner_node_for_FollowingSiblings" classname="Elementary.Hierarchy.Test.TraverseUsingInterfaces.HasParentAndChildNodesFollowingSiblingTest" runstate="Runnable" seed="1319845662" result="Passed" start-time="2016-10-28 15:30:17Z" end-time="2016-10-28 15:30:17Z" duration="0.020328" asserts="4" />
              <test-case id="1257" name="Return_multiple_siblings_for_inner_node_on_FollowingSiblings" fullname="Elementary.Hierarchy.Test.TraverseUsingInterfaces.HasParentAndChildNodesFollowingSiblingTest.Return_multiple_siblings_for_inner_node_on_FollowingSiblings" methodname="Return_multiple_siblings_for_inner_node_on_FollowingSiblings" classname="Elementary.Hierarchy.Test.TraverseUsingInterfaces.HasParentAndChildNodesFollowingSiblingTest" runstate="Runnable" seed="1352402453" result="Passed" start-time="2016-10-28 15:30:17Z" end-time="2016-10-28 15:30:17Z" duration="0.006113" asserts="7" />
              <test-case id="1255" name="Return_single_sibling_of_root_child" fullname="Elementary.Hierarchy.Test.TraverseUsingInterfaces.HasParentAndChildNodesFollowingSiblingTest.Return_single_sibling_of_root_child" methodname="Return_single_sibling_of_root_child" classname="Elementary.Hierarchy.Test.TraverseUsingInterfaces.HasParentAndChildNodesFollowingSiblingTest" runstate="Runnable" seed="627014555" result="Passed" start-time="2016-10-28 15:30:17Z" end-time="2016-10-28 15:30:17Z" duration="0.006033" asserts="5" />
              <test-case id="1254" name="Root_node_has_no_following_siblings" fullname="Elementary.Hierarchy.Test.TraverseUsingInterfaces.HasParentAndChildNodesFollowingSiblingTest.Root_node_has_no_following_siblings" methodname="Root_node_has_no_following_siblings" classname="Elementary.Hierarchy.Test.TraverseUsingInterfaces.HasParentAndChildNodesFollowingSiblingTest" runstate="Runnable" seed="409380499" result="Passed" start-time="2016-10-28 15:30:17Z" end-time="2016-10-28 15:30:17Z" duration="0.006123" asserts="1" />
            </test-suite>
            <test-suite type="TestFixture" id="1258" name="HasParentAndChildNodesPrecedingSiblingTest" fullname="Elementary.Hierarchy.Test.TraverseUsingInterfaces.HasParentAndChildNodesPrecedingSiblingTest" classname="Elementary.Hierarchy.Test.TraverseUsingInterfaces.HasParentAndChildNodesPrecedingSiblingTest" runstate="Runnable" testcasecount="4" result="Passed" start-time="2016-10-28 15:30:17Z" end-time="2016-10-28 15:30:17Z" duration="0.043955" total="4" passed="4" failed="0" inconclusive="0" skipped="0" asserts="17">
              <test-case id="1261" name="Return_empty_siblinngs_for_PrecedingSiblings" fullname="Elementary.Hierarchy.Test.TraverseUsingInterfaces.HasParentAndChildNodesPrecedingSiblingTest.Return_empty_siblinngs_for_PrecedingSiblings" methodname="Return_empty_siblinngs_for_PrecedingSiblings" classname="Elementary.Hierarchy.Test.TraverseUsingInterfaces.HasParentAndChildNodesPrecedingSiblingTest" runstate="Runnable" seed="959582625" result="Passed" start-time="2016-10-28 15:30:17Z" end-time="2016-10-28 15:30:17Z" duration="0.019999" asserts="4" />
              <test-case id="1262" name="Return_multiple_siblings_for_PrecedingSiblings" fullname="Elementary.Hierarchy.Test.TraverseUsingInterfaces.HasParentAndChildNodesPrecedingSiblingTest.Return_multiple_siblings_for_PrecedingSiblings" methodname="Return_multiple_siblings_for_PrecedingSiblings" classname="Elementary.Hierarchy.Test.TraverseUsingInterfaces.HasParentAndChildNodesPrecedingSiblingTest" runstate="Runnable" seed="1220476240" result="Passed" start-time="2016-10-28 15:30:17Z" end-time="2016-10-28 15:30:17Z" duration="0.006279" asserts="7" />
              <test-case id="1260" name="Return_preceding_sibling_for_PrecedingSiblings" fullname="Elementary.Hierarchy.Test.TraverseUsingInterfaces.HasParentAndChildNodesPrecedingSiblingTest.Return_preceding_sibling_for_PrecedingSiblings" methodname="Return_preceding_sibling_for_PrecedingSiblings" classname="Elementary.Hierarchy.Test.TraverseUsingInterfaces.HasParentAndChildNodesPrecedingSiblingTest" runstate="Runnable" seed="2004364056" result="Passed" start-time="2016-10-28 15:30:17Z" end-time="2016-10-28 15:30:17Z" duration="0.006493" asserts="5" />
              <test-case id="1259" name="Root_node_hasno_preceding_siblings" fullname="Elementary.Hierarchy.Test.TraverseUsingInterfaces.HasParentAndChildNodesPrecedingSiblingTest.Root_node_hasno_preceding_siblings" methodname="Root_node_hasno_preceding_siblings" classname="Elementary.Hierarchy.Test.TraverseUsingInterfaces.HasParentAndChildNodesPrecedingSiblingTest" runstate="Runnable" seed="468621054" result="Passed" start-time="2016-10-28 15:30:17Z" end-time="2016-10-28 15:30:17Z" duration="0.005801" asserts="1" />
            </test-suite>
            <test-suite type="TestFixture" id="1266" name="HasParentNodeParentTest" fullname="Elementary.Hierarchy.Test.TraverseUsingInterfaces.HasParentNodeParentTest" classname="Elementary.Hierarchy.Test.TraverseUsingInterfaces.HasParentNodeParentTest" runstate="Runnable" testcasecount="2" result="Passed" start-time="2016-10-28 15:30:17Z" end-time="2016-10-28 15:30:17Z" duration="0.013494" total="2" passed="2" failed="0" inconclusive="0" skipped="0" asserts="3">
              <test-case id="1268" name="Inner_node_returns_parent_for_Parent" fullname="Elementary.Hierarchy.Test.TraverseUsingInterfaces.HasParentNodeParentTest.Inner_node_returns_parent_for_Parent" methodname="Inner_node_returns_parent_for_Parent" classname="Elementary.Hierarchy.Test.TraverseUsingInterfaces.HasParentNodeParentTest" runstate="Runnable" seed="807740360" result="Passed" start-time="2016-10-28 15:30:17Z" end-time="2016-10-28 15:30:17Z" duration="0.008069" asserts="1" />
              <test-case id="1267" name="Root_node_throws_InvalidOperationException_on_Parent" fullname="Elementary.Hierarchy.Test.TraverseUsingInterfaces.HasParentNodeParentTest.Root_node_throws_InvalidOperationException_on_Parent" methodname="Root_node_throws_InvalidOperationException_on_Parent" classname="Elementary.Hierarchy.Test.TraverseUsingInterfaces.HasParentNodeParentTest" runstate="Runnable" seed="892419518" result="Passed" start-time="2016-10-28 15:30:17Z" end-time="2016-10-28 15:30:17Z" duration="0.002396" asserts="2" />
            </test-suite>
            <test-suite type="TestSuite" id="1279" name="TraverseUsingInterfaces" fullname="Elementary.Hierarchy.Test.TraverseUsingInterfaces.TraverseUsingInterfaces" runstate="Runnable" testcasecount="2" result="Passed" start-time="2016-10-28 15:30:17Z" end-time="2016-10-28 15:30:17Z" duration="0.015235" total="2" passed="2" failed="0" inconclusive="0" skipped="0" asserts="4">
              <test-suite type="TestFixture" id="1269" name="HasParentNodeAncestorsTest" fullname="Elementary.Hierarchy.Test.TraverseUsingInterfaces.TraverseUsingInterfaces.HasParentNodeAncestorsTest" classname="Elementary.Hierarchy.Test.TraverseUsingInterfaces.TraverseUsingInterfaces.HasParentNodeAncestorsTest" runstate="Runnable" testcasecount="2" result="Passed" start-time="2016-10-28 15:30:17Z" end-time="2016-10-28 15:30:17Z" duration="0.014906" total="2" passed="2" failed="0" inconclusive="0" skipped="0" asserts="4">
                <test-case id="1271" name="Inner_node_returns_path_to_root_node" fullname="Elementary.Hierarchy.Test.TraverseUsingInterfaces.TraverseUsingInterfaces.HasParentNodeAncestorsTest.Inner_node_returns_path_to_root_node" methodname="Inner_node_returns_path_to_root_node" classname="Elementary.Hierarchy.Test.TraverseUsingInterfaces.TraverseUsingInterfaces.HasParentNodeAncestorsTest" runstate="Runnable" seed="1433916780" result="Passed" start-time="2016-10-28 15:30:17Z" end-time="2016-10-28 15:30:17Z" duration="0.008910" asserts="3" />
                <test-case id="1270" name="Root_returns_null_for_Ancestors" fullname="Elementary.Hierarchy.Test.TraverseUsingInterfaces.TraverseUsingInterfaces.HasParentNodeAncestorsTest.Root_returns_null_for_Ancestors" methodname="Root_returns_null_for_Ancestors" classname="Elementary.Hierarchy.Test.TraverseUsingInterfaces.TraverseUsingInterfaces.HasParentNodeAncestorsTest" runstate="Runnable" seed="2064385397" result="Passed" start-time="2016-10-28 15:30:17Z" end-time="2016-10-28 15:30:17Z" duration="0.002516" asserts="1" />
              </test-suite>
            </test-suite>
          </test-suite>
          <test-suite type="TestSuite" id="1277" name="TraverseWithDelegates" fullname="Elementary.Hierarchy.Test.TraverseWithDelegates" runstate="Runnable" testcasecount="69" result="Passed" start-time="2016-10-28 15:30:17Z" end-time="2016-10-28 15:30:17Z" duration="0.238454" total="69" passed="69" failed="0" inconclusive="0" skipped="0" asserts="166">
            <test-suite type="TestFixture" id="1133" name="GenericNodeAncestorsOrSelfTest" fullname="Elementary.Hierarchy.Test.TraverseWithDelegates.GenericNodeAncestorsOrSelfTest" classname="Elementary.Hierarchy.Test.TraverseWithDelegates.GenericNodeAncestorsOrSelfTest" runstate="Runnable" testcasecount="2" result="Passed" start-time="2016-10-28 15:30:17Z" end-time="2016-10-28 15:30:17Z" duration="0.005345" total="2" passed="2" failed="0" inconclusive="0" skipped="0" asserts="6">
              <test-case id="1135" name="D_inner_node_returns_path_to_root_on_AncestorsOrSefl" fullname="Elementary.Hierarchy.Test.TraverseWithDelegates.GenericNodeAncestorsOrSelfTest.D_inner_node_returns_path_to_root_on_AncestorsOrSefl" methodname="D_inner_node_returns_path_to_root_on_AncestorsOrSefl" classname="Elementary.Hierarchy.Test.TraverseWithDelegates.GenericNodeAncestorsOrSelfTest" runstate="Runnable" seed="2082665264" result="Passed" start-time="2016-10-28 15:30:17Z" end-time="2016-10-28 15:30:17Z" duration="0.001151" asserts="4" />
              <test-case id="1134" name="D_root_returns_itself_on_AncestorsOrSelf" fullname="Elementary.Hierarchy.Test.TraverseWithDelegates.GenericNodeAncestorsOrSelfTest.D_root_returns_itself_on_AncestorsOrSelf" methodname="D_root_returns_itself_on_AncestorsOrSelf" classname="Elementary.Hierarchy.Test.TraverseWithDelegates.GenericNodeAncestorsOrSelfTest" runstate="Runnable" seed="339864425" result="Passed" start-time="2016-10-28 15:30:17Z" end-time="2016-10-28 15:30:17Z" duration="0.000624" asserts="2" />
            </test-suite>
            <test-suite type="TestFixture" id="1136" name="GenericNodeAncestorsTest" fullname="Elementary.Hierarchy.Test.TraverseWithDelegates.GenericNodeAncestorsTest" classname="Elementary.Hierarchy.Test.TraverseWithDelegates.GenericNodeAncestorsTest" runstate="Runnable" testcasecount="2" result="Passed" start-time="2016-10-28 15:30:17Z" end-time="2016-10-28 15:30:17Z" duration="0.004332" total="2" passed="2" failed="0" inconclusive="0" skipped="0" asserts="4">
              <test-case id="1138" name="D_inner_node_returns_path_to_root_on_Ancestors" fullname="Elementary.Hierarchy.Test.TraverseWithDelegates.GenericNodeAncestorsTest.D_inner_node_returns_path_to_root_on_Ancestors" methodname="D_inner_node_returns_path_to_root_on_Ancestors" classname="Elementary.Hierarchy.Test.TraverseWithDelegates.GenericNodeAncestorsTest" runstate="Runnable" seed="1158109928" result="Passed" start-time="2016-10-28 15:30:17Z" end-time="2016-10-28 15:30:17Z" duration="0.000808" asserts="3" />
              <test-case id="1137" name="D_root_node_returns_empty_collection_on_Ancestors" fullname="Elementary.Hierarchy.Test.TraverseWithDelegates.GenericNodeAncestorsTest.D_root_node_returns_empty_collection_on_Ancestors" methodname="D_root_node_returns_empty_collection_on_Ancestors" classname="Elementary.Hierarchy.Test.TraverseWithDelegates.GenericNodeAncestorsTest" runstate="Runnable" seed="2032346971" result="Passed" start-time="2016-10-28 15:30:17Z" end-time="2016-10-28 15:30:17Z" duration="0.000498" asserts="1" />
            </test-suite>
            <test-suite type="TestFixture" id="1139" name="GenericNodeDescendAlongPathTest" fullname="Elementary.Hierarchy.Test.TraverseWithDelegates.GenericNodeDescendAlongPathTest" classname="Elementary.Hierarchy.Test.TraverseWithDelegates.GenericNodeDescendAlongPathTest" runstate="Runnable" testcasecount="4" result="Passed" start-time="2016-10-28 15:30:17Z" end-time="2016-10-28 15:30:17Z" duration="0.010269" total="4" passed="4" failed="0" inconclusive="0" skipped="0" asserts="7">
              <test-case id="1143" name="D_root_return_incomplete_list_on_DescendAlongPath" fullname="Elementary.Hierarchy.Test.TraverseWithDelegates.GenericNodeDescendAlongPathTest.D_root_return_incomplete_list_on_DescendAlongPath" methodname="D_root_return_incomplete_list_on_DescendAlongPath" classname="Elementary.Hierarchy.Test.TraverseWithDelegates.GenericNodeDescendAlongPathTest" runstate="Runnable" seed="227412136" result="Passed" start-time="2016-10-28 15:30:17Z" end-time="2016-10-28 15:30:17Z" duration="0.002405" asserts="2" />
              <test-case id="1142" name="D_root_returns_child_and_grandchild_on_DescendAlongPath" fullname="Elementary.Hierarchy.Test.TraverseWithDelegates.GenericNodeDescendAlongPathTest.D_root_returns_child_and_grandchild_on_DescendAlongPath" methodname="D_root_returns_child_and_grandchild_on_DescendAlongPath" classname="Elementary.Hierarchy.Test.TraverseWithDelegates.GenericNodeDescendAlongPathTest" runstate="Runnable" seed="436593214" result="Passed" start-time="2016-10-28 15:30:17Z" end-time="2016-10-28 15:30:17Z" duration="0.000801" asserts="1" />
              <test-case id="1141" name="D_root_returns_child_on_DescendAlongPath" fullname="Elementary.Hierarchy.Test.TraverseWithDelegates.GenericNodeDescendAlongPathTest.D_root_returns_child_on_DescendAlongPath" methodname="D_root_returns_child_on_DescendAlongPath" classname="Elementary.Hierarchy.Test.TraverseWithDelegates.GenericNodeDescendAlongPathTest" runstate="Runnable" seed="1078310026" result="Passed" start-time="2016-10-28 15:30:17Z" end-time="2016-10-28 15:30:17Z" duration="0.000749" asserts="2" />
              <test-case id="1140" name="D_root_returns_itself_for_empty_path_on_DescendAlongPath" fullname="Elementary.Hierarchy.Test.TraverseWithDelegates.GenericNodeDescendAlongPathTest.D_root_returns_itself_for_empty_path_on_DescendAlongPath" methodname="D_root_returns_itself_for_empty_path_on_DescendAlongPath" classname="Elementary.Hierarchy.Test.TraverseWithDelegates.GenericNodeDescendAlongPathTest" runstate="Runnable" seed="2067160012" result="Passed" start-time="2016-10-28 15:30:17Z" end-time="2016-10-28 15:30:17Z" duration="0.000510" asserts="2" />
            </test-suite>
            <test-suite type="TestFixture" id="1144" name="GenericNodeDescendantAtOrDefaultTest" fullname="Elementary.Hierarchy.Test.TraverseWithDelegates.GenericNodeDescendantAtOrDefaultTest" classname="Elementary.Hierarchy.Test.TraverseWithDelegates.GenericNodeDescendantAtOrDefaultTest" runstate="Runnable" testcasecount="5" result="Passed" start-time="2016-10-28 15:30:17Z" end-time="2016-10-28 15:30:17Z" duration="0.014371" total="5" passed="5" failed="0" inconclusive="0" skipped="0" asserts="15">
              <test-case id="1145" name="D_root_returns_child_on_DescendantAtOrDefault" fullname="Elementary.Hierarchy.Test.TraverseWithDelegates.GenericNodeDescendantAtOrDefaultTest.D_root_returns_child_on_DescendantAtOrDefault" methodname="D_root_returns_child_on_DescendantAtOrDefault" classname="Elementary.Hierarchy.Test.TraverseWithDelegates.GenericNodeDescendantAtOrDefaultTest" runstate="Runnable" seed="751691761" result="Passed" start-time="2016-10-28 15:30:17Z" end-time="2016-10-28 15:30:17Z" duration="0.002444" asserts="3" />
              <test-case id="1147" name="D_root_returns_grandchild_on_DescendentAtOrDefault" fullname="Elementary.Hierarchy.Test.TraverseWithDelegates.GenericNodeDescendantAtOrDefaultTest.D_root_returns_grandchild_on_DescendentAtOrDefault" methodname="D_root_returns_grandchild_on_DescendentAtOrDefault" classname="Elementary.Hierarchy.Test.TraverseWithDelegates.GenericNodeDescendantAtOrDefaultTest" runstate="Runnable" seed="22011990" result="Passed" start-time="2016-10-28 15:30:17Z" end-time="2016-10-28 15:30:17Z" duration="0.000817" asserts="3" />
              <test-case id="1146" name="D_root_returns_itself_on_DescendantAtOrDefault" fullname="Elementary.Hierarchy.Test.TraverseWithDelegates.GenericNodeDescendantAtOrDefaultTest.D_root_returns_itself_on_DescendantAtOrDefault" methodname="D_root_returns_itself_on_DescendantAtOrDefault" classname="Elementary.Hierarchy.Test.TraverseWithDelegates.GenericNodeDescendantAtOrDefaultTest" runstate="Runnable" seed="1307358653" result="Passed" start-time="2016-10-28 15:30:17Z" end-time="2016-10-28 15:30:17Z" duration="0.000555" asserts="3" />
              <test-case id="1148" name="D_root_returns_null_on_invalid_childId_on_DescendantOrDefault" fullname="Elementary.Hierarchy.Test.TraverseWithDelegates.GenericNodeDescendantAtOrDefaultTest.D_root_returns_null_on_invalid_childId_on_DescendantOrDefault" methodname="D_root_returns_null_on_invalid_childId_on_DescendantOrDefault" classname="Elementary.Hierarchy.Test.TraverseWithDelegates.GenericNodeDescendantAtOrDefaultTest" runstate="Runnable" seed="862785390" result="Passed" start-time="2016-10-28 15:30:17Z" end-time="2016-10-28 15:30:17Z" duration="0.000902" asserts="3" />
              <test-case id="1149" name="D_root_returns_substitute_on_invalid_childId_on_DescendantOrDefault" fullname="Elementary.Hierarchy.Test.TraverseWithDelegates.GenericNodeDescendantAtOrDefaultTest.D_root_returns_substitute_on_invalid_childId_on_DescendantOrDefault" methodname="D_root_returns_substitute_on_invalid_childId_on_DescendantOrDefault" classname="Elementary.Hierarchy.Test.TraverseWithDelegates.GenericNodeDescendantAtOrDefaultTest" runstate="Runnable" seed="570436767" result="Passed" start-time="2016-10-28 15:30:17Z" end-time="2016-10-28 15:30:17Z" duration="0.001016" asserts="3" />
            </test-suite>
            <test-suite type="TestFixture" id="1150" name="GenericNodeDescendantAtTest" fullname="Elementary.Hierarchy.Test.TraverseWithDelegates.GenericNodeDescendantAtTest" classname="Elementary.Hierarchy.Test.TraverseWithDelegates.GenericNodeDescendantAtTest" runstate="Runnable" testcasecount="4" result="Passed" start-time="2016-10-28 15:30:17Z" end-time="2016-10-28 15:30:17Z" duration="0.009036" total="4" passed="4" failed="0" inconclusive="0" skipped="0" asserts="5">
              <test-case id="1154" name="D_root_node_throws_on_invalid_childId_on_DescendantAt" fullname="Elementary.Hierarchy.Test.TraverseWithDelegates.GenericNodeDescendantAtTest.D_root_node_throws_on_invalid_childId_on_DescendantAt" methodname="D_root_node_throws_on_invalid_childId_on_DescendantAt" classname="Elementary.Hierarchy.Test.TraverseWithDelegates.GenericNodeDescendantAtTest" runstate="Runnable" seed="889909329" result="Passed" start-time="2016-10-28 15:30:17Z" end-time="2016-10-28 15:30:17Z" duration="0.001745" asserts="2" />
              <test-case id="1151" name="D_root_returns_child_on_DescendantAt" fullname="Elementary.Hierarchy.Test.TraverseWithDelegates.GenericNodeDescendantAtTest.D_root_returns_child_on_DescendantAt" methodname="D_root_returns_child_on_DescendantAt" classname="Elementary.Hierarchy.Test.TraverseWithDelegates.GenericNodeDescendantAtTest" runstate="Runnable" seed="1790742754" result="Passed" start-time="2016-10-28 15:30:17Z" end-time="2016-10-28 15:30:17Z" duration="0.000323" asserts="1" />
              <test-case id="1153" name="D_root_returns_grandchild_on_DescendentAt" fullname="Elementary.Hierarchy.Test.TraverseWithDelegates.GenericNodeDescendantAtTest.D_root_returns_grandchild_on_DescendentAt" methodname="D_root_returns_grandchild_on_DescendentAt" classname="Elementary.Hierarchy.Test.TraverseWithDelegates.GenericNodeDescendantAtTest" runstate="Runnable" seed="2059033521" result="Passed" start-time="2016-10-28 15:30:17Z" end-time="2016-10-28 15:30:17Z" duration="0.000663" asserts="1" />
              <test-case id="1152" name="D_root_returns_itself_on_DescendantAt" fullname="Elementary.Hierarchy.Test.TraverseWithDelegates.GenericNodeDescendantAtTest.D_root_returns_itself_on_DescendantAt" methodname="D_root_returns_itself_on_DescendantAt" classname="Elementary.Hierarchy.Test.TraverseWithDelegates.GenericNodeDescendantAtTest" runstate="Runnable" seed="1395375598" result="Passed" start-time="2016-10-28 15:30:17Z" end-time="2016-10-28 15:30:17Z" duration="0.000314" asserts="1" />
            </test-suite>
            <test-suite type="TestFixture" id="1155" name="GenericNodeDescendantsOrSelfTest" fullname="Elementary.Hierarchy.Test.TraverseWithDelegates.GenericNodeDescendantsOrSelfTest" classname="Elementary.Hierarchy.Test.TraverseWithDelegates.GenericNodeDescendantsOrSelfTest" runstate="Runnable" testcasecount="7" result="Passed" start-time="2016-10-28 15:30:17Z" end-time="2016-10-28 15:30:17Z" duration="0.025906" total="7" passed="7" failed="0" inconclusive="0" skipped="0" asserts="14">
              <test-case id="1157" name="D_inconsistent_leaf_returns_itself_on_DescendantsOrSelf" fullname="Elementary.Hierarchy.Test.TraverseWithDelegates.GenericNodeDescendantsOrSelfTest.D_inconsistent_leaf_returns_itself_on_DescendantsOrSelf" methodname="D_inconsistent_leaf_returns_itself_on_DescendantsOrSelf" classname="Elementary.Hierarchy.Test.TraverseWithDelegates.GenericNodeDescendantsOrSelfTest" runstate="Runnable" seed="553529773" result="Passed" start-time="2016-10-28 15:30:17Z" end-time="2016-10-28 15:30:17Z" duration="0.000988" asserts="2" />
              <test-case id="1160" name="D_leaf_returns_descendants_breadthFirst_on_DescendantsOrSelf" fullname="Elementary.Hierarchy.Test.TraverseWithDelegates.GenericNodeDescendantsOrSelfTest.D_leaf_returns_descendants_breadthFirst_on_DescendantsOrSelf" methodname="D_leaf_returns_descendants_breadthFirst_on_DescendantsOrSelf" classname="Elementary.Hierarchy.Test.TraverseWithDelegates.GenericNodeDescendantsOrSelfTest" runstate="Runnable" seed="703101444" result="Passed" start-time="2016-10-28 15:30:17Z" end-time="2016-10-28 15:30:17Z" duration="0.000832" asserts="2" />
              <test-case id="1161" name="D_leaf_returns_descendants_depthFirst_on_DescendantsOrSelf" fullname="Elementary.Hierarchy.Test.TraverseWithDelegates.GenericNodeDescendantsOrSelfTest.D_leaf_returns_descendants_depthFirst_on_DescendantsOrSelf" methodname="D_leaf_returns_descendants_depthFirst_on_DescendantsOrSelf" classname="Elementary.Hierarchy.Test.TraverseWithDelegates.GenericNodeDescendantsOrSelfTest" runstate="Runnable" seed="1553465012" result="Passed" start-time="2016-10-28 15:30:17Z" end-time="2016-10-28 15:30:17Z" duration="0.000754" asserts="2" />
              <test-case id="1156" name="D_leaf_returns_itself_on_DescendantsOrSelf" fullname="Elementary.Hierarchy.Test.TraverseWithDelegates.GenericNodeDescendantsOrSelfTest.D_leaf_returns_itself_on_DescendantsOrSelf" methodname="D_leaf_returns_itself_on_DescendantsOrSelf" classname="Elementary.Hierarchy.Test.TraverseWithDelegates.GenericNodeDescendantsOrSelfTest" runstate="Runnable" seed="545379675" result="Passed" start-time="2016-10-28 15:30:17Z" end-time="2016-10-28 15:30:17Z" duration="0.000428" asserts="3" />
              <test-case id="1159" name="D_leaf_returns_left_before_right_child_on_DescendantsOrSelf" fullname="Elementary.Hierarchy.Test.TraverseWithDelegates.GenericNodeDescendantsOrSelfTest.D_leaf_returns_left_before_right_child_on_DescendantsOrSelf" methodname="D_leaf_returns_left_before_right_child_on_DescendantsOrSelf" classname="Elementary.Hierarchy.Test.TraverseWithDelegates.GenericNodeDescendantsOrSelfTest" runstate="Runnable" seed="1041877488" result="Passed" start-time="2016-10-28 15:30:17Z" end-time="2016-10-28 15:30:17Z" duration="0.000500" asserts="2" />
              <test-case id="1158" name="D_leaf_returns_single_child_on_DescendantsOrSelf" fullname="Elementary.Hierarchy.Test.TraverseWithDelegates.GenericNodeDescendantsOrSelfTest.D_leaf_returns_single_child_on_DescendantsOrSelf" methodname="D_leaf_returns_single_child_on_DescendantsOrSelf" classname="Elementary.Hierarchy.Test.TraverseWithDelegates.GenericNodeDescendantsOrSelfTest" runstate="Runnable" seed="1369920397" result="Passed" start-time="2016-10-28 15:30:17Z" end-time="2016-10-28 15:30:17Z" duration="0.000409" asserts="2" />
              <test-case id="1162" name="D_root_returns_children_as_level2_descendants_on_DescendantsOrSelf" fullname="Elementary.Hierarchy.Test.TraverseWithDelegates.GenericNodeDescendantsOrSelfTest.D_root_returns_children_as_level2_descendants_on_DescendantsOrSelf" methodname="D_root_returns_children_as_level2_descendants_on_DescendantsOrSelf" classname="Elementary.Hierarchy.Test.TraverseWithDelegates.GenericNodeDescendantsOrSelfTest" runstate="Runnable" seed="1749237512" result="Passed" start-time="2016-10-28 15:30:17Z" end-time="2016-10-28 15:30:17Z" duration="0.000490" asserts="1" />
            </test-suite>
            <test-suite type="TestFixture" id="1163" name="GenericNodeDescendantsTest" fullname="Elementary.Hierarchy.Test.TraverseWithDelegates.GenericNodeDescendantsTest" classname="Elementary.Hierarchy.Test.TraverseWithDelegates.GenericNodeDescendantsTest" runstate="Runnable" testcasecount="10" result="Passed" start-time="2016-10-28 15:30:17Z" end-time="2016-10-28 15:30:17Z" duration="0.034735" total="10" passed="10" failed="0" inconclusive="0" skipped="0" asserts="19">
              <test-case id="1165" name="D_inconsitent_leaf_returns_no_children_on_Descendants" fullname="Elementary.Hierarchy.Test.TraverseWithDelegates.GenericNodeDescendantsTest.D_inconsitent_leaf_returns_no_children_on_Descendants" methodname="D_inconsitent_leaf_returns_no_children_on_Descendants" classname="Elementary.Hierarchy.Test.TraverseWithDelegates.GenericNodeDescendantsTest" runstate="Runnable" seed="1666689286" result="Passed" start-time="2016-10-28 15:30:17Z" end-time="2016-10-28 15:30:17Z" duration="0.000933" asserts="1" />
              <test-case id="1164" name="D_leaf_returns_no_children_on_Descendants" fullname="Elementary.Hierarchy.Test.TraverseWithDelegates.GenericNodeDescendantsTest.D_leaf_returns_no_children_on_Descendants" methodname="D_leaf_returns_no_children_on_Descendants" classname="Elementary.Hierarchy.Test.TraverseWithDelegates.GenericNodeDescendantsTest" runstate="Runnable" seed="102823342" result="Passed" start-time="2016-10-28 15:30:17Z" end-time="2016-10-28 15:30:17Z" duration="0.000592" asserts="2" />
              <test-case id="1167" name="D_node_returns_left_child_first_on_Descendants" fullname="Elementary.Hierarchy.Test.TraverseWithDelegates.GenericNodeDescendantsTest.D_node_returns_left_child_first_on_Descendants" methodname="D_node_returns_left_child_first_on_Descendants" classname="Elementary.Hierarchy.Test.TraverseWithDelegates.GenericNodeDescendantsTest" runstate="Runnable" seed="1728650133" result="Passed" start-time="2016-10-28 15:30:17Z" end-time="2016-10-28 15:30:17Z" duration="0.000462" asserts="2" />
              <test-case id="1166" name="D_node_returns_single_child_on_Descendants" fullname="Elementary.Hierarchy.Test.TraverseWithDelegates.GenericNodeDescendantsTest.D_node_returns_single_child_on_Descendants" methodname="D_node_returns_single_child_on_Descendants" classname="Elementary.Hierarchy.Test.TraverseWithDelegates.GenericNodeDescendantsTest" runstate="Runnable" seed="148399783" result="Passed" start-time="2016-10-28 15:30:17Z" end-time="2016-10-28 15:30:17Z" duration="0.000577" asserts="2" />
              <test-case id="1172" name="D_root_returns_all_descendants_on_highLevel_breadthFirst_on_Descendants" fullname="Elementary.Hierarchy.Test.TraverseWithDelegates.GenericNodeDescendantsTest.D_root_returns_all_descendants_on_highLevel_breadthFirst_on_Descendants" methodname="D_root_returns_all_descendants_on_highLevel_breadthFirst_on_Descendants" classname="Elementary.Hierarchy.Test.TraverseWithDelegates.GenericNodeDescendantsTest" runstate="Runnable" seed="1173972558" result="Passed" start-time="2016-10-28 15:30:17Z" end-time="2016-10-28 15:30:17Z" duration="0.000396" asserts="1" />
              <test-case id="1170" name="D_root_returns_children_as_level1_descendants_on_Descendants" fullname="Elementary.Hierarchy.Test.TraverseWithDelegates.GenericNodeDescendantsTest.D_root_returns_children_as_level1_descendants_on_Descendants" methodname="D_root_returns_children_as_level1_descendants_on_Descendants" classname="Elementary.Hierarchy.Test.TraverseWithDelegates.GenericNodeDescendantsTest" runstate="Runnable" seed="217157323" result="Passed" start-time="2016-10-28 15:30:17Z" end-time="2016-10-28 15:30:17Z" duration="0.000418" asserts="1" />
              <test-case id="1168" name="D_root_returns_descendants_breadthFirst_on_Descendants" fullname="Elementary.Hierarchy.Test.TraverseWithDelegates.GenericNodeDescendantsTest.D_root_returns_descendants_breadthFirst_on_Descendants" methodname="D_root_returns_descendants_breadthFirst_on_Descendants" classname="Elementary.Hierarchy.Test.TraverseWithDelegates.GenericNodeDescendantsTest" runstate="Runnable" seed="453860553" result="Passed" start-time="2016-10-28 15:30:17Z" end-time="2016-10-28 15:30:17Z" duration="0.000459" asserts="2" />
              <test-case id="1169" name="D_root_returns_descendants_depthFirst_on_Descendants" fullname="Elementary.Hierarchy.Test.TraverseWithDelegates.GenericNodeDescendantsTest.D_root_returns_descendants_depthFirst_on_Descendants" methodname="D_root_returns_descendants_depthFirst_on_Descendants" classname="Elementary.Hierarchy.Test.TraverseWithDelegates.GenericNodeDescendantsTest" runstate="Runnable" seed="955836680" result="Passed" start-time="2016-10-28 15:30:17Z" end-time="2016-10-28 15:30:17Z" duration="0.000464" asserts="2" />
              <test-case id="1173" name="D_root_returns_descendants_on_highLevel_depthFirst_on_Descendants" fullname="Elementary.Hierarchy.Test.TraverseWithDelegates.GenericNodeDescendantsTest.D_root_returns_descendants_on_highLevel_depthFirst_on_Descendants" methodname="D_root_returns_descendants_on_highLevel_depthFirst_on_Descendants" classname="Elementary.Hierarchy.Test.TraverseWithDelegates.GenericNodeDescendantsTest" runstate="Runnable" seed="843119698" result="Passed" start-time="2016-10-28 15:30:17Z" end-time="2016-10-28 15:30:17Z" duration="0.000468" asserts="2" />
              <test-case id="1171" name="D_root_throws_on_level0_on_Descendants" fullname="Elementary.Hierarchy.Test.TraverseWithDelegates.GenericNodeDescendantsTest.D_root_throws_on_level0_on_Descendants" methodname="D_root_throws_on_level0_on_Descendants" classname="Elementary.Hierarchy.Test.TraverseWithDelegates.GenericNodeDescendantsTest" runstate="Runnable" seed="791336758" result="Passed" start-time="2016-10-28 15:30:17Z" end-time="2016-10-28 15:30:17Z" duration="0.000753" asserts="4" />
            </test-suite>
            <test-suite type="TestFixture" id="1174" name="GenericNodeLeavesTest" fullname="Elementary.Hierarchy.Test.TraverseWithDelegates.GenericNodeLeavesTest" classname="Elementary.Hierarchy.Test.TraverseWithDelegates.GenericNodeLeavesTest" runstate="Runnable" testcasecount="2" result="Passed" start-time="2016-10-28 15:30:17Z" end-time="2016-10-28 15:30:17Z" duration="0.005628" total="2" passed="2" failed="0" inconclusive="0" skipped="0" asserts="6">
              <test-case id="1175" name="D_empty_root_returns_itself_on_Leaves" fullname="Elementary.Hierarchy.Test.TraverseWithDelegates.GenericNodeLeavesTest.D_empty_root_returns_itself_on_Leaves" methodname="D_empty_root_returns_itself_on_Leaves" classname="Elementary.Hierarchy.Test.TraverseWithDelegates.GenericNodeLeavesTest" runstate="Runnable" seed="905120301" result="Passed" start-time="2016-10-28 15:30:17Z" end-time="2016-10-28 15:30:17Z" duration="0.001851" asserts="3" />
              <test-case id="1176" name="D_root_returns_its_descendant_leaves_on_Leaves" fullname="Elementary.Hierarchy.Test.TraverseWithDelegates.GenericNodeLeavesTest.D_root_returns_its_descendant_leaves_on_Leaves" methodname="D_root_returns_its_descendant_leaves_on_Leaves" classname="Elementary.Hierarchy.Test.TraverseWithDelegates.GenericNodeLeavesTest" runstate="Runnable" seed="1875840295" result="Passed" start-time="2016-10-28 15:30:17Z" end-time="2016-10-28 15:30:17Z" duration="0.000810" asserts="3" />
            </test-suite>
            <test-suite type="TestFixture" id="1177" name="GenericNodeParentAndChildNodesFollowingSiblingTest" fullname="Elementary.Hierarchy.Test.TraverseWithDelegates.GenericNodeParentAndChildNodesFollowingSiblingTest" classname="Elementary.Hierarchy.Test.TraverseWithDelegates.GenericNodeParentAndChildNodesFollowingSiblingTest" runstate="Runnable" testcasecount="4" result="Passed" start-time="2016-10-28 15:30:17Z" end-time="2016-10-28 15:30:17Z" duration="0.014088" total="4" passed="4" failed="0" inconclusive="0" skipped="0" asserts="7">
              <test-case id="1181" name="D_node_returns_all_siblings_on_FollowingSiblings" fullname="Elementary.Hierarchy.Test.TraverseWithDelegates.GenericNodeParentAndChildNodesFollowingSiblingTest.D_node_returns_all_siblings_on_FollowingSiblings" methodname="D_node_returns_all_siblings_on_FollowingSiblings" classname="Elementary.Hierarchy.Test.TraverseWithDelegates.GenericNodeParentAndChildNodesFollowingSiblingTest" runstate="Runnable" seed="1787707210" result="Passed" start-time="2016-10-28 15:30:17Z" end-time="2016-10-28 15:30:17Z" duration="0.002118" asserts="3" />
              <test-case id="1180" name="D_node_returns_no_siblings_on_FollowingSiblings" fullname="Elementary.Hierarchy.Test.TraverseWithDelegates.GenericNodeParentAndChildNodesFollowingSiblingTest.D_node_returns_no_siblings_on_FollowingSiblings" methodname="D_node_returns_no_siblings_on_FollowingSiblings" classname="Elementary.Hierarchy.Test.TraverseWithDelegates.GenericNodeParentAndChildNodesFollowingSiblingTest" runstate="Runnable" seed="1438869601" result="Passed" start-time="2016-10-28 15:30:17Z" end-time="2016-10-28 15:30:17Z" duration="0.000339" asserts="1" />
              <test-case id="1179" name="D_node_returns_right_sibling_on_FollowingSiblings" fullname="Elementary.Hierarchy.Test.TraverseWithDelegates.GenericNodeParentAndChildNodesFollowingSiblingTest.D_node_returns_right_sibling_on_FollowingSiblings" methodname="D_node_returns_right_sibling_on_FollowingSiblings" classname="Elementary.Hierarchy.Test.TraverseWithDelegates.GenericNodeParentAndChildNodesFollowingSiblingTest" runstate="Runnable" seed="933633171" result="Passed" start-time="2016-10-28 15:30:17Z" end-time="2016-10-28 15:30:17Z" duration="0.000436" asserts="2" />
              <test-case id="1178" name="D_root_node_has_no_siblings_on_FollowingSiblings" fullname="Elementary.Hierarchy.Test.TraverseWithDelegates.GenericNodeParentAndChildNodesFollowingSiblingTest.D_root_node_has_no_siblings_on_FollowingSiblings" methodname="D_root_node_has_no_siblings_on_FollowingSiblings" classname="Elementary.Hierarchy.Test.TraverseWithDelegates.GenericNodeParentAndChildNodesFollowingSiblingTest" runstate="Runnable" seed="1341459668" result="Passed" start-time="2016-10-28 15:30:17Z" end-time="2016-10-28 15:30:17Z" duration="0.000341" asserts="1" />
            </test-suite>
            <test-suite type="TestFixture" id="1182" name="GenericNodeParentAndChildNodesPrecedingSiblingTest" fullname="Elementary.Hierarchy.Test.TraverseWithDelegates.GenericNodeParentAndChildNodesPrecedingSiblingTest" classname="Elementary.Hierarchy.Test.TraverseWithDelegates.GenericNodeParentAndChildNodesPrecedingSiblingTest" runstate="Runnable" testcasecount="4" result="Passed" start-time="2016-10-28 15:30:17Z" end-time="2016-10-28 15:30:17Z" duration="0.014256" total="4" passed="4" failed="0" inconclusive="0" skipped="0" asserts="7">
              <test-case id="1186" name="D_node_returns_all_siblings_on_PrecedingSiblings" fullname="Elementary.Hierarchy.Test.TraverseWithDelegates.GenericNodeParentAndChildNodesPrecedingSiblingTest.D_node_returns_all_siblings_on_PrecedingSiblings" methodname="D_node_returns_all_siblings_on_PrecedingSiblings" classname="Elementary.Hierarchy.Test.TraverseWithDelegates.GenericNodeParentAndChildNodesPrecedingSiblingTest" runstate="Runnable" seed="404317030" result="Passed" start-time="2016-10-28 15:30:17Z" end-time="2016-10-28 15:30:17Z" duration="0.002001" asserts="3" />
              <test-case id="1184" name="D_node_returns_left_sibling_on_PrecedingSiblings" fullname="Elementary.Hierarchy.Test.TraverseWithDelegates.GenericNodeParentAndChildNodesPrecedingSiblingTest.D_node_returns_left_sibling_on_PrecedingSiblings" methodname="D_node_returns_left_sibling_on_PrecedingSiblings" classname="Elementary.Hierarchy.Test.TraverseWithDelegates.GenericNodeParentAndChildNodesPrecedingSiblingTest" runstate="Runnable" seed="1215375543" result="Passed" start-time="2016-10-28 15:30:17Z" end-time="2016-10-28 15:30:17Z" duration="0.000408" asserts="2" />
              <test-case id="1185" name="D_node_returns_no_siblings_on_PrecedingSiblings" fullname="Elementary.Hierarchy.Test.TraverseWithDelegates.GenericNodeParentAndChildNodesPrecedingSiblingTest.D_node_returns_no_siblings_on_PrecedingSiblings" methodname="D_node_returns_no_siblings_on_PrecedingSiblings" classname="Elementary.Hierarchy.Test.TraverseWithDelegates.GenericNodeParentAndChildNodesPrecedingSiblingTest" runstate="Runnable" seed="208921508" result="Passed" start-time="2016-10-28 15:30:17Z" end-time="2016-10-28 15:30:17Z" duration="0.000332" asserts="1" />
              <test-case id="1183" name="D_root_node_has_no_siblings_on_PrecedingSiblings" fullname="Elementary.Hierarchy.Test.TraverseWithDelegates.GenericNodeParentAndChildNodesPrecedingSiblingTest.D_root_node_has_no_siblings_on_PrecedingSiblings" methodname="D_root_node_has_no_siblings_on_PrecedingSiblings" classname="Elementary.Hierarchy.Test.TraverseWithDelegates.GenericNodeParentAndChildNodesPrecedingSiblingTest" runstate="Runnable" seed="1980099187" result="Passed" start-time="2016-10-28 15:30:17Z" end-time="2016-10-28 15:30:17Z" duration="0.000303" asserts="1" />
            </test-suite>
            <test-suite type="TestFixture" id="1187" name="GenericNodeParentTest" fullname="Elementary.Hierarchy.Test.TraverseWithDelegates.GenericNodeParentTest" classname="Elementary.Hierarchy.Test.TraverseWithDelegates.GenericNodeParentTest" runstate="Runnable" testcasecount="2" result="Passed" start-time="2016-10-28 15:30:17Z" end-time="2016-10-28 15:30:17Z" duration="0.006014" total="2" passed="2" failed="0" inconclusive="0" skipped="0" asserts="5">
              <test-case id="1189" name="D_inner_node_returns_Parent" fullname="Elementary.Hierarchy.Test.TraverseWithDelegates.GenericNodeParentTest.D_inner_node_returns_Parent" methodname="D_inner_node_returns_Parent" classname="Elementary.Hierarchy.Test.TraverseWithDelegates.GenericNodeParentTest" runstate="Runnable" seed="1963526304" result="Passed" start-time="2016-10-28 15:30:17Z" end-time="2016-10-28 15:30:17Z" duration="0.000729" asserts="3" />
              <test-case id="1188" name="D_root_throws_InvalidOperationException__on_Parent" fullname="Elementary.Hierarchy.Test.TraverseWithDelegates.GenericNodeParentTest.D_root_throws_InvalidOperationException__on_Parent" methodname="D_root_throws_InvalidOperationException__on_Parent" classname="Elementary.Hierarchy.Test.TraverseWithDelegates.GenericNodeParentTest" runstate="Runnable" seed="335261353" result="Passed" start-time="2016-10-28 15:30:17Z" end-time="2016-10-28 15:30:17Z" duration="0.000776" asserts="2" />
            </test-suite>
            <test-suite type="TestFixture" id="1190" name="GenericNodeTryGetDescendantAtTest" fullname="Elementary.Hierarchy.Test.TraverseWithDelegates.GenericNodeTryGetDescendantAtTest" classname="Elementary.Hierarchy.Test.TraverseWithDelegates.GenericNodeTryGetDescendantAtTest" runstate="Runnable" testcasecount="4" result="Passed" start-time="2016-10-28 15:30:17Z" end-time="2016-10-28 15:30:17Z" duration="0.014087" total="4" passed="4" failed="0" inconclusive="0" skipped="0" asserts="7">
[...]
            </test-suite>
            <test-suite type="TestFixture" id="1098" name="HasIdentifiableChildNodesDescendantAtOrDefaultTest" fullname="Elementary.Hierarchy.Test.TraverseWithInterfaces.HasIdentifiableChildNodesDescendantAtOrDefaultTest" classname="Elementary.Hierarchy.Test.TraverseWithInterfaces.HasIdentifiableChildNodesDescendantAtOrDefaultTest" runstate="Runnable" testcasecount="5" result="Passed" start-time="2016-10-28 15:30:18Z" end-time="2016-10-28 15:30:18Z" duration="0.031506" total="5" passed="5" failed="0" inconclusive="0" skipped="0" asserts="15">
              <test-case id="1099" name="I_root_returns_child_on_DescendantAtOrDefault" fullname="Elementary.Hierarchy.Test.TraverseWithInterfaces.HasIdentifiableChildNodesDescendantAtOrDefaultTest.I_root_returns_child_on_DescendantAtOrDefault" methodname="I_root_returns_child_on_DescendantAtOrDefault" classname="Elementary.Hierarchy.Test.TraverseWithInterfaces.HasIdentifiableChildNodesDescendantAtOrDefaultTest" runstate="Runnable" seed="839909969" result="Passed" start-time="2016-10-28 15:30:18Z" end-time="2016-10-28 15:30:18Z" duration="0.009868" asserts="4" />
              <test-case id="1101" name="I_root_returns_grandchild_on_DescendantOrDefault" fullname="Elementary.Hierarchy.Test.TraverseWithInterfaces.HasIdentifiableChildNodesDescendantAtOrDefaultTest.I_root_returns_grandchild_on_DescendantOrDefault" methodname="I_root_returns_grandchild_on_DescendantOrDefault" classname="Elementary.Hierarchy.Test.TraverseWithInterfaces.HasIdentifiableChildNodesDescendantAtOrDefaultTest" runstate="Runnable" seed="1506349763" result="Passed" start-time="2016-10-28 15:30:18Z" end-time="2016-10-28 15:30:18Z" duration="0.005479" asserts="2" />
              <test-case id="1100" name="I_root_returns_itself_on_DescendantAtOrDefault" fullname="Elementary.Hierarchy.Test.TraverseWithInterfaces.HasIdentifiableChildNodesDescendantAtOrDefaultTest.I_root_returns_itself_on_DescendantAtOrDefault" methodname="I_root_returns_itself_on_DescendantAtOrDefault" classname="Elementary.Hierarchy.Test.TraverseWithInterfaces.HasIdentifiableChildNodesDescendantAtOrDefaultTest" runstate="Runnable" seed="2128482072" result="Passed" start-time="2016-10-28 15:30:18Z" end-time="2016-10-28 15:30:18Z" duration="0.001710" asserts="3" />
              <test-case id="1102" name="I_root_returns_null_on_invalid_childId_on_DescendantOrDefault" fullname="Elementary.Hierarchy.Test.TraverseWithInterfaces.HasIdentifiableChildNodesDescendantAtOrDefaultTest.I_root_returns_null_on_invalid_childId_on_DescendantOrDefault" methodname="I_root_returns_null_on_invalid_childId_on_DescendantOrDefault" classname="Elementary.Hierarchy.Test.TraverseWithInterfaces.HasIdentifiableChildNodesDescendantAtOrDefaultTest" runstate="Runnable" seed="1404766131" result="Passed" start-time="2016-10-28 15:30:18Z" end-time="2016-10-28 15:30:18Z" duration="0.003238" asserts="3" />
              <test-case id="1103" name="I_root_returns_substitute_on_invalid_childId_on_DescendantOrDefault" fullname="Elementary.Hierarchy.Test.TraverseWithInterfaces.HasIdentifiableChildNodesDescendantAtOrDefaultTest.I_root_returns_substitute_on_invalid_childId_on_DescendantOrDefault" methodname="I_root_returns_substitute_on_invalid_childId_on_DescendantOrDefault" classname="Elementary.Hierarchy.Test.TraverseWithInterfaces.HasIdentifiableChildNodesDescendantAtOrDefaultTest" runstate="Runnable" seed="904970787" result="Passed" start-time="2016-10-28 15:30:18Z" end-time="2016-10-28 15:30:18Z" duration="0.003424" asserts="3" />
            </test-suite>
            <test-suite type="TestFixture" id="1104" name="HasIdentifiableChildNodesDescendantAtTest" fullname="Elementary.Hierarchy.Test.TraverseWithInterfaces.HasIdentifiableChildNodesDescendantAtTest" classname="Elementary.Hierarchy.Test.TraverseWithInterfaces.HasIdentifiableChildNodesDescendantAtTest" runstate="Runnable" testcasecount="4" result="Passed" start-time="2016-10-28 15:30:18Z" end-time="2016-10-28 15:30:18Z" duration="0.021679" total="4" passed="4" failed="0" inconclusive="0" skipped="0" asserts="6">
              <test-case id="1108" name="I_root_node_throws_on_invalid_childId_on_DescendantAt" fullname="Elementary.Hierarchy.Test.TraverseWithInterfaces.HasIdentifiableChildNodesDescendantAtTest.I_root_node_throws_on_invalid_childId_on_DescendantAt" methodname="I_root_node_throws_on_invalid_childId_on_DescendantAt" classname="Elementary.Hierarchy.Test.TraverseWithInterfaces.HasIdentifiableChildNodesDescendantAtTest" runstate="Runnable" seed="1109508741" result="Passed" start-time="2016-10-28 15:30:18Z" end-time="2016-10-28 15:30:18Z" duration="0.006070" asserts="2" />
              <test-case id="1105" name="I_root_returns_child_on_DescendantAt" fullname="Elementary.Hierarchy.Test.TraverseWithInterfaces.HasIdentifiableChildNodesDescendantAtTest.I_root_returns_child_on_DescendantAt" methodname="I_root_returns_child_on_DescendantAt" classname="Elementary.Hierarchy.Test.TraverseWithInterfaces.HasIdentifiableChildNodesDescendantAtTest" runstate="Runnable" seed="1495722293" result="Passed" start-time="2016-10-28 15:30:18Z" end-time="2016-10-28 15:30:18Z" duration="0.003718" asserts="2" />
              <test-case id="1107" name="I_root_returns_grandchild_on_DescendentAt" fullname="Elementary.Hierarchy.Test.TraverseWithInterfaces.HasIdentifiableChildNodesDescendantAtTest.I_root_returns_grandchild_on_DescendentAt" methodname="I_root_returns_grandchild_on_DescendentAt" classname="Elementary.Hierarchy.Test.TraverseWithInterfaces.HasIdentifiableChildNodesDescendantAtTest" runstate="Runnable" seed="329079403" result="Passed" start-time="2016-10-28 15:30:18Z" end-time="2016-10-28 15:30:18Z" duration="0.005510" asserts="1" />
              <test-case id="1106" name="I_root_returns_itself_on_DescendantAt" fullname="Elementary.Hierarchy.Test.TraverseWithInterfaces.HasIdentifiableChildNodesDescendantAtTest.I_root_returns_itself_on_DescendantAt" methodname="I_root_returns_itself_on_DescendantAt" classname="Elementary.Hierarchy.Test.TraverseWithInterfaces.HasIdentifiableChildNodesDescendantAtTest" runstate="Runnable" seed="453411120" result="Passed" start-time="2016-10-28 15:30:18Z" end-time="2016-10-28 15:30:18Z" duration="0.000346" asserts="1" />
            </test-suite>
            <test-suite type="TestFixture" id="1109" name="HasIdentifiableChildNodesTryGetDescendantAtTest" fullname="Elementary.Hierarchy.Test.TraverseWithInterfaces.HasIdentifiableChildNodesTryGetDescendantAtTest" classname="Elementary.Hierarchy.Test.TraverseWithInterfaces.HasIdentifiableChildNodesTryGetDescendantAtTest" runstate="Runnable" testcasecount="4" result="Passed" start-time="2016-10-28 15:30:18Z" end-time="2016-10-28 15:30:18Z" duration="0.022325" total="4" passed="4" failed="0" inconclusive="0" skipped="0" asserts="8">
              <test-case id="1113" name="I_root_node_throws_KeyNotFoundException_on_invalid_childId_on_TryGetDescendantAt" fullname="Elementary.Hierarchy.Test.TraverseWithInterfaces.HasIdentifiableChildNodesTryGetDescendantAtTest.I_root_node_throws_KeyNotFoundException_on_invalid_childId_on_TryGetDescendantAt" methodname="I_root_node_throws_KeyNotFoundException_on_invalid_childId_on_TryGetDescendantAt" classname="Elementary.Hierarchy.Test.TraverseWithInterfaces.HasIdentifiableChildNodesTryGetDescendantAtTest" runstate="Runnable" seed="1935802973" result="Passed" start-time="2016-10-28 15:30:18Z" end-time="2016-10-28 15:30:18Z" duration="0.006805" asserts="1" />
              <test-case id="1110" name="I_root_returns_child_on_TryGetDescendantAt" fullname="Elementary.Hierarchy.Test.TraverseWithInterfaces.HasIdentifiableChildNodesTryGetDescendantAtTest.I_root_returns_child_on_TryGetDescendantAt" methodname="I_root_returns_child_on_TryGetDescendantAt" classname="Elementary.Hierarchy.Test.TraverseWithInterfaces.HasIdentifiableChildNodesTryGetDescendantAtTest" runstate="Runnable" seed="360975064" result="Passed" start-time="2016-10-28 15:30:18Z" end-time="2016-10-28 15:30:18Z" duration="0.003765" asserts="3" />
              <test-case id="1112" name="I_root_returns_grandchild_on_TryGetDescendentAt" fullname="Elementary.Hierarchy.Test.TraverseWithInterfaces.HasIdentifiableChildNodesTryGetDescendantAtTest.I_root_returns_grandchild_on_TryGetDescendentAt" methodname="I_root_returns_grandchild_on_TryGetDescendentAt" classname="Elementary.Hierarchy.Test.TraverseWithInterfaces.HasIdentifiableChildNodesTryGetDescendantAtTest" runstate="Runnable" seed="883978558" result="Passed" start-time="2016-10-28 15:30:18Z" end-time="2016-10-28 15:30:18Z" duration="0.005382" asserts="2" />
              <test-case id="1111" name="I_root_returns_itself_on_TryGetDescendantAt" fullname="Elementary.Hierarchy.Test.TraverseWithInterfaces.HasIdentifiableChildNodesTryGetDescendantAtTest.I_root_returns_itself_on_TryGetDescendantAt" methodname="I_root_returns_itself_on_TryGetDescendantAt" classname="Elementary.Hierarchy.Test.TraverseWithInterfaces.HasIdentifiableChildNodesTryGetDescendantAtTest" runstate="Runnable" seed="591347210" result="Passed" start-time="2016-10-28 15:30:18Z" end-time="2016-10-28 15:30:18Z" duration="0.000355" asserts="2" />
            </test-suite>
            <test-suite type="TestFixture" id="1124" name="HasParentAncestorsAndSelfTest" fullname="Elementary.Hierarchy.Test.TraverseWithInterfaces.HasParentAncestorsAndSelfTest" classname="Elementary.Hierarchy.Test.TraverseWithInterfaces.HasParentAncestorsAndSelfTest" runstate="Runnable" testcasecount="2" result="Passed" start-time="2016-10-28 15:30:18Z" end-time="2016-10-28 15:30:18Z" duration="0.014097" total="2" passed="2" failed="0" inconclusive="0" skipped="0" asserts="6">
              <test-case id="1126" name="I_inner_node_returns_path_to_root_on_AncestorsOrSefl" fullname="Elementary.Hierarchy.Test.TraverseWithInterfaces.HasParentAncestorsAndSelfTest.I_inner_node_returns_path_to_root_on_AncestorsOrSefl" methodname="I_inner_node_returns_path_to_root_on_AncestorsOrSefl" classname="Elementary.Hierarchy.Test.TraverseWithInterfaces.HasParentAncestorsAndSelfTest" runstate="Runnable" seed="1687750273" result="Passed" start-time="2016-10-28 15:30:18Z" end-time="2016-10-28 15:30:18Z" duration="0.008798" asserts="4" />
              <test-case id="1125" name="I_root_returns_itself_on_AncestorsOrSelf" fullname="Elementary.Hierarchy.Test.TraverseWithInterfaces.HasParentAncestorsAndSelfTest.I_root_returns_itself_on_AncestorsOrSelf" methodname="I_root_returns_itself_on_AncestorsOrSelf" classname="Elementary.Hierarchy.Test.TraverseWithInterfaces.HasParentAncestorsAndSelfTest" runstate="Runnable" seed="38511434" result="Passed" start-time="2016-10-28 15:30:18Z" end-time="2016-10-28 15:30:18Z" duration="0.002432" asserts="2" />
            </test-suite>
            <test-suite type="TestFixture" id="1114" name="HasParentAndChildNodesFollowingSiblingTest" fullname="Elementary.Hierarchy.Test.TraverseWithInterfaces.HasParentAndChildNodesFollowingSiblingTest" classname="Elementary.Hierarchy.Test.TraverseWithInterfaces.HasParentAndChildNodesFollowingSiblingTest" runstate="Runnable" testcasecount="4" result="Passed" start-time="2016-10-28 15:30:18Z" end-time="2016-10-28 15:30:18Z" duration="0.053153" total="4" passed="4" failed="0" inconclusive="0" skipped="0" asserts="17">
              <test-case id="1118" name="I_node_returns_all_siblings_on_FollowingSiblings" fullname="Elementary.Hierarchy.Test.TraverseWithInterfaces.HasParentAndChildNodesFollowingSiblingTest.I_node_returns_all_siblings_on_FollowingSiblings" methodname="I_node_returns_all_siblings_on_FollowingSiblings" classname="Elementary.Hierarchy.Test.TraverseWithInterfaces.HasParentAndChildNodesFollowingSiblingTest" runstate="Runnable" seed="1744643961" result="Passed" start-time="2016-10-28 15:30:18Z" end-time="2016-10-28 15:30:18Z" duration="0.022622" asserts="7" />
              <test-case id="1117" name="I_node_returns_no_siblings_on_FollowingSiblings" fullname="Elementary.Hierarchy.Test.TraverseWithInterfaces.HasParentAndChildNodesFollowingSiblingTest.I_node_returns_no_siblings_on_FollowingSiblings" methodname="I_node_returns_no_siblings_on_FollowingSiblings" classname="Elementary.Hierarchy.Test.TraverseWithInterfaces.HasParentAndChildNodesFollowingSiblingTest" runstate="Runnable" seed="757464737" result="Passed" start-time="2016-10-28 15:30:18Z" end-time="2016-10-28 15:30:18Z" duration="0.008775" asserts="4" />
              <test-case id="1116" name="I_node_returns_right_sibling_on_FollowingSiblings" fullname="Elementary.Hierarchy.Test.TraverseWithInterfaces.HasParentAndChildNodesFollowingSiblingTest.I_node_returns_right_sibling_on_FollowingSiblings" methodname="I_node_returns_right_sibling_on_FollowingSiblings" classname="Elementary.Hierarchy.Test.TraverseWithInterfaces.HasParentAndChildNodesFollowingSiblingTest" runstate="Runnable" seed="314201049" result="Passed" start-time="2016-10-28 15:30:18Z" end-time="2016-10-28 15:30:18Z" duration="0.008808" asserts="5" />
              <test-case id="1115" name="I_root_node_has_no_siblings_on_FollowingSiblings" fullname="Elementary.Hierarchy.Test.TraverseWithInterfaces.HasParentAndChildNodesFollowingSiblingTest.I_root_node_has_no_siblings_on_FollowingSiblings" methodname="I_root_node_has_no_siblings_on_FollowingSiblings" classname="Elementary.Hierarchy.Test.TraverseWithInterfaces.HasParentAndChildNodesFollowingSiblingTest" runstate="Runnable" seed="359957001" result="Passed" start-time="2016-10-28 15:30:18Z" end-time="2016-10-28 15:30:18Z" duration="0.007063" asserts="1" />
            </test-suite>
            <test-suite type="TestFixture" id="1119" name="HasParentAndChildNodesPrecedingSiblingTest" fullname="Elementary.Hierarchy.Test.TraverseWithInterfaces.HasParentAndChildNodesPrecedingSiblingTest" classname="Elementary.Hierarchy.Test.TraverseWithInterfaces.HasParentAndChildNodesPrecedingSiblingTest" runstate="Runnable" testcasecount="4" result="Passed" start-time="2016-10-28 15:30:18Z" end-time="2016-10-28 15:30:18Z" duration="0.055123" total="4" passed="4" failed="0" inconclusive="0" skipped="0" asserts="17">
              <test-case id="1123" name="I_node_returns_all_siblings_on_PrecedingSiblings" fullname="Elementary.Hierarchy.Test.TraverseWithInterfaces.HasParentAndChildNodesPrecedingSiblingTest.I_node_returns_all_siblings_on_PrecedingSiblings" methodname="I_node_returns_all_siblings_on_PrecedingSiblings" classname="Elementary.Hierarchy.Test.TraverseWithInterfaces.HasParentAndChildNodesPrecedingSiblingTest" runstate="Runnable" seed="1964869078" result="Passed" start-time="2016-10-28 15:30:18Z" end-time="2016-10-28 15:30:18Z" duration="0.023659" asserts="7" />
              <test-case id="1121" name="I_node_returns_left_sibling_on_PrecedingSiblings" fullname="Elementary.Hierarchy.Test.TraverseWithInterfaces.HasParentAndChildNodesPrecedingSiblingTest.I_node_returns_left_sibling_on_PrecedingSiblings" methodname="I_node_returns_left_sibling_on_PrecedingSiblings" classname="Elementary.Hierarchy.Test.TraverseWithInterfaces.HasParentAndChildNodesPrecedingSiblingTest" runstate="Runnable" seed="661766337" result="Passed" start-time="2016-10-28 15:30:18Z" end-time="2016-10-28 15:30:18Z" duration="0.008899" asserts="5" />
              <test-case id="1122" name="I_node_returns_no_siblings_on_PrecedingSiblings" fullname="Elementary.Hierarchy.Test.TraverseWithInterfaces.HasParentAndChildNodesPrecedingSiblingTest.I_node_returns_no_siblings_on_PrecedingSiblings" methodname="I_node_returns_no_siblings_on_PrecedingSiblings" classname="Elementary.Hierarchy.Test.TraverseWithInterfaces.HasParentAndChildNodesPrecedingSiblingTest" runstate="Runnable" seed="173792069" result="Passed" start-time="2016-10-28 15:30:18Z" end-time="2016-10-28 15:30:18Z" duration="0.008566" asserts="4" />
              <test-case id="1120" name="I_root_node_has_no_siblings_on_PrecedingSiblings" fullname="Elementary.Hierarchy.Test.TraverseWithInterfaces.HasParentAndChildNodesPrecedingSiblingTest.I_root_node_has_no_siblings_on_PrecedingSiblings" methodname="I_root_node_has_no_siblings_on_PrecedingSiblings" classname="Elementary.Hierarchy.Test.TraverseWithInterfaces.HasParentAndChildNodesPrecedingSiblingTest" runstate="Runnable" seed="1702393540" result="Passed" start-time="2016-10-28 15:30:18Z" end-time="2016-10-28 15:30:18Z" duration="0.007905" asserts="1" />
            </test-suite>
            <test-suite type="TestFixture" id="1127" name="HasParentNodeAncestorsTest" fullname="Elementary.Hierarchy.Test.TraverseWithInterfaces.HasParentNodeAncestorsTest" classname="Elementary.Hierarchy.Test.TraverseWithInterfaces.HasParentNodeAncestorsTest" runstate="Runnable" testcasecount="2" result="Passed" start-time="2016-10-28 15:30:18Z" end-time="2016-10-28 15:30:18Z" duration="0.014029" total="2" passed="2" failed="0" inconclusive="0" skipped="0" asserts="4">
              <test-case id="1129" name="I_inner_node_returns_path_to_root_on_Ancestors" fullname="Elementary.Hierarchy.Test.TraverseWithInterfaces.HasParentNodeAncestorsTest.I_inner_node_returns_path_to_root_on_Ancestors" methodname="I_inner_node_returns_path_to_root_on_Ancestors" classname="Elementary.Hierarchy.Test.TraverseWithInterfaces.HasParentNodeAncestorsTest" runstate="Runnable" seed="1297120008" result="Passed" start-time="2016-10-28 15:30:18Z" end-time="2016-10-28 15:30:18Z" duration="0.008492" asserts="3" />
              <test-case id="1128" name="I_root_node_returns_empty_collection_on_Ancestors" fullname="Elementary.Hierarchy.Test.TraverseWithInterfaces.HasParentNodeAncestorsTest.I_root_node_returns_empty_collection_on_Ancestors" methodname="I_root_node_returns_empty_collection_on_Ancestors" classname="Elementary.Hierarchy.Test.TraverseWithInterfaces.HasParentNodeAncestorsTest" runstate="Runnable" seed="1370571114" result="Passed" start-time="2016-10-28 15:30:18Z" end-time="2016-10-28 15:30:18Z" duration="0.002437" asserts="1" />
            </test-suite>
            <test-suite type="TestFixture" id="1130" name="HasParentNodeParentTest" fullname="Elementary.Hierarchy.Test.TraverseWithInterfaces.HasParentNodeParentTest" classname="Elementary.Hierarchy.Test.TraverseWithInterfaces.HasParentNodeParentTest" runstate="Runnable" testcasecount="2" result="Passed" start-time="2016-10-28 15:30:18Z" end-time="2016-10-28 15:30:18Z" duration="0.013769" total="2" passed="2" failed="0" inconclusive="0" skipped="0" asserts="3">
              <test-case id="1132" name="I_inner_node_returns_parent_on_Parent" fullname="Elementary.Hierarchy.Test.TraverseWithInterfaces.HasParentNodeParentTest.I_inner_node_returns_parent_on_Parent" methodname="I_inner_node_returns_parent_on_Parent" classname="Elementary.Hierarchy.Test.TraverseWithInterfaces.HasParentNodeParentTest" runstate="Runnable" seed="472301533" result="Passed" start-time="2016-10-28 15:30:18Z" end-time="2016-10-28 15:30:18Z" duration="0.008136" asserts="1" />
              <test-case id="1131" name="I_Root_throws_InvalidOperationException_on_Parent" fullname="Elementary.Hierarchy.Test.TraverseWithInterfaces.HasParentNodeParentTest.I_Root_throws_InvalidOperationException_on_Parent" methodname="I_Root_throws_InvalidOperationException_on_Parent" classname="Elementary.Hierarchy.Test.TraverseWithInterfaces.HasParentNodeParentTest" runstate="Runnable" seed="860062805" result="Passed" start-time="2016-10-28 15:30:18Z" end-time="2016-10-28 15:30:18Z" duration="0.002606" asserts="2" />
            </test-suite>
          </test-suite>
        </test-suite>
      </test-suite>
    </test-suite>
  </test-suite>
</test-run>